Partition Merge report for AlleFilter
Wed Jan 31 14:17:21 2018
Quartus II 64-Bit Version 13.0.1 Build 232 06/12/2013 Service Pack 1 SJ Full Version


---------------------
; Table of Contents ;
---------------------
  1. Legal Notice
  2. Partition Merge Summary
  3. Partition Merge Netlist Types Used
  4. Connections to In-System Debugging Instance "auto_signaltap_0"
  5. Partition Merge Partition Statistics
  6. Partition Merge Resource Usage Summary
  7. Partition Merge RAM Summary
  8. Partition Merge DSP Block Usage Summary
  9. Partition Merge Messages



----------------
; Legal Notice ;
----------------
Copyright (C) 1991-2013 Altera Corporation
Your use of Altera Corporation's design tools, logic functions 
and other software and tools, and its AMPP partner logic 
functions, and any output files from any of the foregoing 
(including device programming or simulation files), and any 
associated documentation or information are expressly subject 
to the terms and conditions of the Altera Program License 
Subscription Agreement, Altera MegaCore Function License 
Agreement, or other applicable license agreement, including, 
without limitation, that your use is for the sole purpose of 
programming logic devices manufactured by Altera and sold by 
Altera or its authorized distributors.  Please refer to the 
applicable agreement for further details.



+---------------------------------------------------------------------------------------+
; Partition Merge Summary                                                               ;
+------------------------------------+--------------------------------------------------+
; Partition Merge Status             ; Successful - Wed Jan 31 14:17:21 2018            ;
; Quartus II 64-Bit Version          ; 13.0.1 Build 232 06/12/2013 SP 1 SJ Full Version ;
; Revision Name                      ; AlleFilter                                       ;
; Top-level Entity Name              ; AlleFilter                                       ;
; Family                             ; Cyclone II                                       ;
; Total logic elements               ; 1,269                                            ;
;     Total combinational functions  ; 778                                              ;
;     Dedicated logic registers      ; 927                                              ;
; Total registers                    ; 927                                              ;
; Total pins                         ; 52                                               ;
; Total virtual pins                 ; 0                                                ;
; Total memory bits                  ; 229,376                                          ;
; Embedded Multiplier 9-bit elements ; 6                                                ;
; Total PLLs                         ; 0                                                ;
+------------------------------------+--------------------------------------------------+


+-------------------------------------------------------------------------------------------------------------------------------+
; Partition Merge Netlist Types Used                                                                                            ;
+--------------------------------+----------------+-------------------+------------------------+--------------------------------+
; Partition Name                 ; Partition Type ; Netlist Type Used ; Netlist Type Requested ; Partition Contents             ;
+--------------------------------+----------------+-------------------+------------------------+--------------------------------+
; Top                            ; User-created   ; Source File       ; Post-Fit               ;                                ;
; sld_hub:auto_hub               ; Auto-generated ; Post-Synthesis    ; Post-Synthesis         ; sld_hub:auto_hub               ;
; sld_signaltap:auto_signaltap_0 ; Auto-generated ; Post-Synthesis    ; Post-Synthesis         ; sld_signaltap:auto_signaltap_0 ;
; hard_block:auto_generated_inst ; Auto-generated ; Source File       ; Source File            ; hard_block:auto_generated_inst ;
+--------------------------------+----------------+-------------------+------------------------+--------------------------------+


+-----------------------------------------------------------------------------------------------------------------------------------------------------------------------------------+
; Connections to In-System Debugging Instance "auto_signaltap_0"                                                                                                                    ;
+------------+---------------+-----------+----------------+-------------------+-------------------------------------------------------------------------------------------+---------+
; Name       ; Type          ; Status    ; Partition Name ; Netlist Type Used ; Actual Connection                                                                         ; Details ;
+------------+---------------+-----------+----------------+-------------------+-------------------------------------------------------------------------------------------+---------+
; ADC_in[0]  ; pre-synthesis ; connected ; Top            ; post-synthesis    ; ADC_in[0]                                                                                 ; N/A     ;
; ADC_in[0]  ; pre-synthesis ; connected ; Top            ; post-synthesis    ; ADC_in[0]                                                                                 ; N/A     ;
; ADC_in[10] ; pre-synthesis ; connected ; Top            ; post-synthesis    ; ADC_in[10]                                                                                ; N/A     ;
; ADC_in[10] ; pre-synthesis ; connected ; Top            ; post-synthesis    ; ADC_in[10]                                                                                ; N/A     ;
; ADC_in[11] ; pre-synthesis ; connected ; Top            ; post-synthesis    ; ADC_in[11]                                                                                ; N/A     ;
; ADC_in[11] ; pre-synthesis ; connected ; Top            ; post-synthesis    ; ADC_in[11]                                                                                ; N/A     ;
; ADC_in[12] ; pre-synthesis ; connected ; Top            ; post-synthesis    ; ADC_in[12]                                                                                ; N/A     ;
; ADC_in[12] ; pre-synthesis ; connected ; Top            ; post-synthesis    ; ADC_in[12]                                                                                ; N/A     ;
; ADC_in[13] ; pre-synthesis ; connected ; Top            ; post-synthesis    ; ADC_in[13]                                                                                ; N/A     ;
; ADC_in[13] ; pre-synthesis ; connected ; Top            ; post-synthesis    ; ADC_in[13]                                                                                ; N/A     ;
; ADC_in[1]  ; pre-synthesis ; connected ; Top            ; post-synthesis    ; ADC_in[1]                                                                                 ; N/A     ;
; ADC_in[1]  ; pre-synthesis ; connected ; Top            ; post-synthesis    ; ADC_in[1]                                                                                 ; N/A     ;
; ADC_in[2]  ; pre-synthesis ; connected ; Top            ; post-synthesis    ; ADC_in[2]                                                                                 ; N/A     ;
; ADC_in[2]  ; pre-synthesis ; connected ; Top            ; post-synthesis    ; ADC_in[2]                                                                                 ; N/A     ;
; ADC_in[3]  ; pre-synthesis ; connected ; Top            ; post-synthesis    ; ADC_in[3]                                                                                 ; N/A     ;
; ADC_in[3]  ; pre-synthesis ; connected ; Top            ; post-synthesis    ; ADC_in[3]                                                                                 ; N/A     ;
; ADC_in[4]  ; pre-synthesis ; connected ; Top            ; post-synthesis    ; ADC_in[4]                                                                                 ; N/A     ;
; ADC_in[4]  ; pre-synthesis ; connected ; Top            ; post-synthesis    ; ADC_in[4]                                                                                 ; N/A     ;
; ADC_in[5]  ; pre-synthesis ; connected ; Top            ; post-synthesis    ; ADC_in[5]                                                                                 ; N/A     ;
; ADC_in[5]  ; pre-synthesis ; connected ; Top            ; post-synthesis    ; ADC_in[5]                                                                                 ; N/A     ;
; ADC_in[6]  ; pre-synthesis ; connected ; Top            ; post-synthesis    ; ADC_in[6]                                                                                 ; N/A     ;
; ADC_in[6]  ; pre-synthesis ; connected ; Top            ; post-synthesis    ; ADC_in[6]                                                                                 ; N/A     ;
; ADC_in[7]  ; pre-synthesis ; connected ; Top            ; post-synthesis    ; ADC_in[7]                                                                                 ; N/A     ;
; ADC_in[7]  ; pre-synthesis ; connected ; Top            ; post-synthesis    ; ADC_in[7]                                                                                 ; N/A     ;
; ADC_in[8]  ; pre-synthesis ; connected ; Top            ; post-synthesis    ; ADC_in[8]                                                                                 ; N/A     ;
; ADC_in[8]  ; pre-synthesis ; connected ; Top            ; post-synthesis    ; ADC_in[8]                                                                                 ; N/A     ;
; ADC_in[9]  ; pre-synthesis ; connected ; Top            ; post-synthesis    ; ADC_in[9]                                                                                 ; N/A     ;
; ADC_in[9]  ; pre-synthesis ; connected ; Top            ; post-synthesis    ; ADC_in[9]                                                                                 ; N/A     ;
; OUT[0]     ; pre-synthesis ; connected ; Top            ; post-synthesis    ; lpm_mux0:inst6|lpm_mux:LPM_MUX_component|mux_64f:auto_generated|external_latency_ffsa[0]  ; N/A     ;
; OUT[0]     ; pre-synthesis ; connected ; Top            ; post-synthesis    ; lpm_mux0:inst6|lpm_mux:LPM_MUX_component|mux_64f:auto_generated|external_latency_ffsa[0]  ; N/A     ;
; OUT[10]    ; pre-synthesis ; connected ; Top            ; post-synthesis    ; lpm_mux0:inst6|lpm_mux:LPM_MUX_component|mux_64f:auto_generated|external_latency_ffsa[10] ; N/A     ;
; OUT[10]    ; pre-synthesis ; connected ; Top            ; post-synthesis    ; lpm_mux0:inst6|lpm_mux:LPM_MUX_component|mux_64f:auto_generated|external_latency_ffsa[10] ; N/A     ;
; OUT[11]    ; pre-synthesis ; connected ; Top            ; post-synthesis    ; lpm_mux0:inst6|lpm_mux:LPM_MUX_component|mux_64f:auto_generated|external_latency_ffsa[11] ; N/A     ;
; OUT[11]    ; pre-synthesis ; connected ; Top            ; post-synthesis    ; lpm_mux0:inst6|lpm_mux:LPM_MUX_component|mux_64f:auto_generated|external_latency_ffsa[11] ; N/A     ;
; OUT[12]    ; pre-synthesis ; connected ; Top            ; post-synthesis    ; lpm_mux0:inst6|lpm_mux:LPM_MUX_component|mux_64f:auto_generated|external_latency_ffsa[12] ; N/A     ;
; OUT[12]    ; pre-synthesis ; connected ; Top            ; post-synthesis    ; lpm_mux0:inst6|lpm_mux:LPM_MUX_component|mux_64f:auto_generated|external_latency_ffsa[12] ; N/A     ;
; OUT[13]    ; pre-synthesis ; connected ; Top            ; post-synthesis    ; lpm_mux0:inst6|lpm_mux:LPM_MUX_component|mux_64f:auto_generated|external_latency_ffsa[13] ; N/A     ;
; OUT[13]    ; pre-synthesis ; connected ; Top            ; post-synthesis    ; lpm_mux0:inst6|lpm_mux:LPM_MUX_component|mux_64f:auto_generated|external_latency_ffsa[13] ; N/A     ;
; OUT[1]     ; pre-synthesis ; connected ; Top            ; post-synthesis    ; lpm_mux0:inst6|lpm_mux:LPM_MUX_component|mux_64f:auto_generated|external_latency_ffsa[1]  ; N/A     ;
; OUT[1]     ; pre-synthesis ; connected ; Top            ; post-synthesis    ; lpm_mux0:inst6|lpm_mux:LPM_MUX_component|mux_64f:auto_generated|external_latency_ffsa[1]  ; N/A     ;
; OUT[2]     ; pre-synthesis ; connected ; Top            ; post-synthesis    ; lpm_mux0:inst6|lpm_mux:LPM_MUX_component|mux_64f:auto_generated|external_latency_ffsa[2]  ; N/A     ;
; OUT[2]     ; pre-synthesis ; connected ; Top            ; post-synthesis    ; lpm_mux0:inst6|lpm_mux:LPM_MUX_component|mux_64f:auto_generated|external_latency_ffsa[2]  ; N/A     ;
; OUT[3]     ; pre-synthesis ; connected ; Top            ; post-synthesis    ; lpm_mux0:inst6|lpm_mux:LPM_MUX_component|mux_64f:auto_generated|external_latency_ffsa[3]  ; N/A     ;
; OUT[3]     ; pre-synthesis ; connected ; Top            ; post-synthesis    ; lpm_mux0:inst6|lpm_mux:LPM_MUX_component|mux_64f:auto_generated|external_latency_ffsa[3]  ; N/A     ;
; OUT[4]     ; pre-synthesis ; connected ; Top            ; post-synthesis    ; lpm_mux0:inst6|lpm_mux:LPM_MUX_component|mux_64f:auto_generated|external_latency_ffsa[4]  ; N/A     ;
; OUT[4]     ; pre-synthesis ; connected ; Top            ; post-synthesis    ; lpm_mux0:inst6|lpm_mux:LPM_MUX_component|mux_64f:auto_generated|external_latency_ffsa[4]  ; N/A     ;
; OUT[5]     ; pre-synthesis ; connected ; Top            ; post-synthesis    ; lpm_mux0:inst6|lpm_mux:LPM_MUX_component|mux_64f:auto_generated|external_latency_ffsa[5]  ; N/A     ;
; OUT[5]     ; pre-synthesis ; connected ; Top            ; post-synthesis    ; lpm_mux0:inst6|lpm_mux:LPM_MUX_component|mux_64f:auto_generated|external_latency_ffsa[5]  ; N/A     ;
; OUT[6]     ; pre-synthesis ; connected ; Top            ; post-synthesis    ; lpm_mux0:inst6|lpm_mux:LPM_MUX_component|mux_64f:auto_generated|external_latency_ffsa[6]  ; N/A     ;
; OUT[6]     ; pre-synthesis ; connected ; Top            ; post-synthesis    ; lpm_mux0:inst6|lpm_mux:LPM_MUX_component|mux_64f:auto_generated|external_latency_ffsa[6]  ; N/A     ;
; OUT[7]     ; pre-synthesis ; connected ; Top            ; post-synthesis    ; lpm_mux0:inst6|lpm_mux:LPM_MUX_component|mux_64f:auto_generated|external_latency_ffsa[7]  ; N/A     ;
; OUT[7]     ; pre-synthesis ; connected ; Top            ; post-synthesis    ; lpm_mux0:inst6|lpm_mux:LPM_MUX_component|mux_64f:auto_generated|external_latency_ffsa[7]  ; N/A     ;
; OUT[8]     ; pre-synthesis ; connected ; Top            ; post-synthesis    ; lpm_mux0:inst6|lpm_mux:LPM_MUX_component|mux_64f:auto_generated|external_latency_ffsa[8]  ; N/A     ;
; OUT[8]     ; pre-synthesis ; connected ; Top            ; post-synthesis    ; lpm_mux0:inst6|lpm_mux:LPM_MUX_component|mux_64f:auto_generated|external_latency_ffsa[8]  ; N/A     ;
; OUT[9]     ; pre-synthesis ; connected ; Top            ; post-synthesis    ; lpm_mux0:inst6|lpm_mux:LPM_MUX_component|mux_64f:auto_generated|external_latency_ffsa[9]  ; N/A     ;
; OUT[9]     ; pre-synthesis ; connected ; Top            ; post-synthesis    ; lpm_mux0:inst6|lpm_mux:LPM_MUX_component|mux_64f:auto_generated|external_latency_ffsa[9]  ; N/A     ;
; clk        ; post-fitting  ; connected ; Top            ; post-synthesis    ; clk                                                                                       ; N/A     ;
+------------+---------------+-----------+----------------+-------------------+-------------------------------------------------------------------------------------------+---------+


+-----------------------------------------------------------------------------------------------------------------------------------------+
; Partition Merge Partition Statistics                                                                                                    ;
+---------------------------------------------+------+------------------+--------------------------------+--------------------------------+
; Statistic                                   ; Top  ; sld_hub:auto_hub ; sld_signaltap:auto_signaltap_0 ; hard_block:auto_generated_inst ;
+---------------------------------------------+------+------------------+--------------------------------+--------------------------------+
; Estimated Total logic elements              ; 323  ; 141              ; 805                            ; 0                              ;
;                                             ;      ;                  ;                                ;                                ;
; Total combinational functions               ; 280  ; 117              ; 381                            ; 0                              ;
; Logic element usage by number of LUT inputs ;      ;                  ;                                ;                                ;
;     -- 4 input functions                    ; 56   ; 50               ; 158                            ; 0                              ;
;     -- 3 input functions                    ; 103  ; 31               ; 136                            ; 0                              ;
;     -- <=2 input functions                  ; 121  ; 36               ; 87                             ; 0                              ;
;                                             ;      ;                  ;                                ;                                ;
; Logic elements by mode                      ;      ;                  ;                                ;                                ;
;     -- normal mode                          ; 88   ; 109              ; 321                            ; 0                              ;
;     -- arithmetic mode                      ; 192  ; 8                ; 60                             ; 0                              ;
;                                             ;      ;                  ;                                ;                                ;
; Total registers                             ; 178  ; 86               ; 663                            ; 0                              ;
;     -- Dedicated logic registers            ; 178  ; 86               ; 663                            ; 0                              ;
;                                             ;      ;                  ;                                ;                                ;
; Virtual pins                                ; 0    ; 0                ; 0                              ; 0                              ;
; I/O pins                                    ; 52   ; 0                ; 0                              ; 0                              ;
; Embedded Multiplier 9-bit elements          ; 6    ; 0                ; 0                              ; 0                              ;
; Total memory bits                           ; 0    ; 0                ; 229376                         ; 0                              ;
; Total RAM block bits                        ; 0    ; 0                ; 0                              ; 0                              ;
; JTAG                                        ; 1    ; 0                ; 0                              ; 0                              ;
;                                             ;      ;                  ;                                ;                                ;
; Connections                                 ;      ;                  ;                                ;                                ;
;     -- Input Connections                    ; 1    ; 128              ; 944                            ; 0                              ;
;     -- Registered Input Connections         ; 0    ; 97               ; 750                            ; 0                              ;
;     -- Output Connections                   ; 953  ; 118              ; 2                              ; 0                              ;
;     -- Registered Output Connections        ; 28   ; 117              ; 0                              ; 0                              ;
;                                             ;      ;                  ;                                ;                                ;
; Internal Connections                        ;      ;                  ;                                ;                                ;
;     -- Total Connections                    ; 2444 ; 758              ; 4884                           ; 0                              ;
;     -- Registered Connections               ; 617  ; 542              ; 3473                           ; 0                              ;
;                                             ;      ;                  ;                                ;                                ;
; External Connections                        ;      ;                  ;                                ;                                ;
;     -- Top                                  ; 0    ; 119              ; 835                            ; 0                              ;
;     -- sld_hub:auto_hub                     ; 119  ; 16               ; 111                            ; 0                              ;
;     -- sld_signaltap:auto_signaltap_0       ; 835  ; 111              ; 0                              ; 0                              ;
;     -- hard_block:auto_generated_inst       ; 0    ; 0                ; 0                              ; 0                              ;
;                                             ;      ;                  ;                                ;                                ;
; Partition Interface                         ;      ;                  ;                                ;                                ;
;     -- Input Ports                          ; 23   ; 19               ; 113                            ; 0                              ;
;     -- Output Ports                         ; 33   ; 37               ; 66                             ; 0                              ;
;     -- Bidir Ports                          ; 0    ; 0                ; 0                              ; 0                              ;
;                                             ;      ;                  ;                                ;                                ;
; Registered Ports                            ;      ;                  ;                                ;                                ;
;     -- Registered Input Ports               ; 0    ; 4                ; 62                             ; 0                              ;
;     -- Registered Output Ports              ; 0    ; 26               ; 57                             ; 0                              ;
;                                             ;      ;                  ;                                ;                                ;
; Port Connectivity                           ;      ;                  ;                                ;                                ;
;     -- Input Ports driven by GND            ; 0    ; 1                ; 0                              ; 0                              ;
;     -- Output Ports driven by GND           ; 0    ; 1                ; 0                              ; 0                              ;
;     -- Input Ports driven by VCC            ; 0    ; 0                ; 0                              ; 0                              ;
;     -- Output Ports driven by VCC           ; 0    ; 0                ; 0                              ; 0                              ;
;     -- Input Ports with no Source           ; 0    ; 1                ; 35                             ; 0                              ;
;     -- Output Ports with no Source          ; 0    ; 0                ; 0                              ; 0                              ;
;     -- Input Ports with no Fanout           ; 0    ; 2                ; 40                             ; 0                              ;
;     -- Output Ports with no Fanout          ; 0    ; 15               ; 57                             ; 0                              ;
+---------------------------------------------+------+------------------+--------------------------------+--------------------------------+
Note: Resource usage numbers presented for Partitions containing post-synthesis logic are estimates.  For Partitions containing post-fit logic, resource usage numbers are accurate based on previous placement information.  Actual Fitter results may vary depending on current Fitter Preservation Level assignments.


+------------------------------------------------------+
; Partition Merge Resource Usage Summary               ;
+---------------------------------------------+--------+
; Resource                                    ; Usage  ;
+---------------------------------------------+--------+
; Estimated Total logic elements              ; 1,269  ;
;                                             ;        ;
; Total combinational functions               ; 778    ;
; Logic element usage by number of LUT inputs ;        ;
;     -- 4 input functions                    ; 264    ;
;     -- 3 input functions                    ; 270    ;
;     -- <=2 input functions                  ; 244    ;
;                                             ;        ;
; Logic elements by mode                      ;        ;
;     -- normal mode                          ; 518    ;
;     -- arithmetic mode                      ; 260    ;
;                                             ;        ;
; Total registers                             ; 927    ;
;     -- Dedicated logic registers            ; 927    ;
;     -- I/O registers                        ; 0      ;
;                                             ;        ;
; I/O pins                                    ; 52     ;
; Total memory bits                           ; 229376 ;
; Embedded Multiplier 9-bit elements          ; 6      ;
; Maximum fan-out node                        ; clk    ;
; Maximum fan-out                             ; 553    ;
; Total fan-out                               ; 6905   ;
; Average fan-out                             ; 3.79   ;
+---------------------------------------------+--------+


+---------------------------------------------------------------------------------------------------------------------------------------------------------------------------------------------------------------------------------------------------------------------------------------------------------------------------------------+
; Partition Merge RAM Summary                                                                                                                                                                                                                                                                                                           ;
+-----------------------------------------------------------------------------------------------------------------------------------------------------------------------------------------------------------------------------------+------+----------------+--------------+--------------+--------------+--------------+--------+------+
; Name                                                                                                                                                                                                                              ; Type ; Mode           ; Port A Depth ; Port A Width ; Port B Depth ; Port B Width ; Size   ; MIF  ;
+-----------------------------------------------------------------------------------------------------------------------------------------------------------------------------------------------------------------------------------+------+----------------+--------------+--------------+--------------+--------------+--------+------+
; sld_signaltap:auto_signaltap_0|sld_signaltap_impl:sld_signaltap_body|sld_signaltap_implb:sld_signaltap_body|altsyncram:\stp_non_zero_ram_gen:stp_buffer_ram|altsyncram_ss14:auto_generated|altsyncram_4hq1:altsyncram1|ALTSYNCRAM ; AUTO ; True Dual Port ; 8192         ; 28           ; 8192         ; 28           ; 229376 ; None ;
+-----------------------------------------------------------------------------------------------------------------------------------------------------------------------------------------------------------------------------------+------+----------------+--------------+--------------+--------------+--------------+--------+------+


+-----------------------------------------------------+
; Partition Merge DSP Block Usage Summary             ;
+---------------------------------------+-------------+
; Statistic                             ; Number Used ;
+---------------------------------------+-------------+
; Simple Multipliers (9-bit)            ; 0           ;
; Simple Multipliers (18-bit)           ; 3           ;
; Embedded Multiplier Blocks            ; --          ;
; Embedded Multiplier 9-bit elements    ; 6           ;
; Signed Embedded Multipliers           ; 3           ;
; Unsigned Embedded Multipliers         ; 0           ;
; Mixed Sign Embedded Multipliers       ; 0           ;
; Variable Sign Embedded Multipliers    ; 0           ;
; Dedicated Input Shift Register Chains ; 0           ;
+---------------------------------------+-------------+
Note: number of Embedded Multiplier Blocks used is only available after a successful fit.


+--------------------------+
; Partition Merge Messages ;
+--------------------------+
Info: *******************************************************************
Info: Running Quartus II 64-Bit Partition Merge
    Info: Version 13.0.1 Build 232 06/12/2013 Service Pack 1 SJ Full Version
    Info: Processing started: Wed Jan 31 14:17:19 2018
Info: Command: quartus_cdb --read_settings_files=off --write_settings_files=off AlleFilter -c AlleFilter --merge=on
Warning (35010): Previously generated Fitter netlist for partition "Top" is older than current Synthesis netlist -- using the current Synthesis netlist instead to ensure that the latest source changes are included
    Info (35011): Set the option to Ignore source file changes to force the Quartus II software to always use a previously generated Fitter netlist
Info (35007): Using synthesis netlist for partition "Top"
Info (35007): Using synthesis netlist for partition "sld_hub:auto_hub"
Info (35007): Using synthesis netlist for partition "sld_signaltap:auto_signaltap_0"
Info (35024): Succesfully connected in-system debug instance "auto_signaltap_0" to all 57 required data inputs, trigger inputs, acquisition clocks, and dynamic pins
Info (35002): Resolved and merged 3 partition(s)
Info (16010): Generating hard_block partition "hard_block:auto_generated_inst"
    Info (16011): Adding 0 node(s), including 0 DDIO, 0 PLL, 0 transceiver and 0 LCELL
Info (21057): Implemented 1406 device resources after synthesis - the final resource count might be different
    Info (21058): Implemented 23 input pins
    Info (21059): Implemented 33 output pins
    Info (21061): Implemented 1287 logic cells
    Info (21064): Implemented 56 RAM segments
    Info (21062): Implemented 6 DSP elements
Info: Quartus II 64-Bit Partition Merge was successful. 0 errors, 1 warning
    Info: Peak virtual memory: 531 megabytes
    Info: Processing ended: Wed Jan 31 14:17:22 2018
    Info: Elapsed time: 00:00:03
    Info: Total CPU time (on all processors): 00:00:02


