Analysis & Synthesis report for seven_segment_decoder
Wed Dec 06 17:05:49 2017
Quartus II 64-Bit Version 13.0.1 Build 232 06/12/2013 Service Pack 1 SJ Full Version


---------------------
; Table of Contents ;
---------------------
  1. Legal Notice
  2. Analysis & Synthesis Summary
  3. Analysis & Synthesis Settings
  4. Parallel Compilation
  5. Analysis & Synthesis Source Files Read
  6. Analysis & Synthesis Resource Usage Summary
  7. Analysis & Synthesis Resource Utilization by Entity
  8. User-Specified and Inferred Latches
  9. General Register Statistics
 10. Parameter Settings for Inferred Entity Instance: lpm_divide:Div0
 11. Parameter Settings for Inferred Entity Instance: lpm_divide:Mod0
 12. Elapsed Time Per Partition
 13. Analysis & Synthesis Messages



----------------
; Legal Notice ;
----------------
Copyright (C) 1991-2013 Altera Corporation
Your use of Altera Corporation's design tools, logic functions 
and other software and tools, and its AMPP partner logic 
functions, and any output files from any of the foregoing 
(including device programming or simulation files), and any 
associated documentation or information are expressly subject 
to the terms and conditions of the Altera Program License 
Subscription Agreement, Altera MegaCore Function License 
Agreement, or other applicable license agreement, including, 
without limitation, that your use is for the sole purpose of 
programming logic devices manufactured by Altera and sold by 
Altera or its authorized distributors.  Please refer to the 
applicable agreement for further details.



+---------------------------------------------------------------------------------------+
; Analysis & Synthesis Summary                                                          ;
+------------------------------------+--------------------------------------------------+
; Analysis & Synthesis Status        ; Successful - Wed Dec 06 17:05:49 2017            ;
; Quartus II 64-Bit Version          ; 13.0.1 Build 232 06/12/2013 SP 1 SJ Full Version ;
; Revision Name                      ; seven_segment_decoder                            ;
; Top-level Entity Name              ; seven_segment_decoder                            ;
; Family                             ; Cyclone II                                       ;
; Total logic elements               ; 149                                              ;
;     Total combinational functions  ; 149                                              ;
;     Dedicated logic registers      ; 0                                                ;
; Total registers                    ; 0                                                ;
; Total pins                         ; 21                                               ;
; Total virtual pins                 ; 0                                                ;
; Total memory bits                  ; 0                                                ;
; Embedded Multiplier 9-bit elements ; 0                                                ;
; Total PLLs                         ; 0                                                ;
+------------------------------------+--------------------------------------------------+


+----------------------------------------------------------------------------------------------------------------------------+
; Analysis & Synthesis Settings                                                                                              ;
+----------------------------------------------------------------------------+-----------------------+-----------------------+
; Option                                                                     ; Setting               ; Default Value         ;
+----------------------------------------------------------------------------+-----------------------+-----------------------+
; Device                                                                     ; EP2C70F672C6          ;                       ;
; Top-level entity name                                                      ; seven_segment_decoder ; seven_segment_decoder ;
; Family name                                                                ; Cyclone II            ; Cyclone IV GX         ;
; Use smart compilation                                                      ; Off                   ; Off                   ;
; Enable parallel Assembler and TimeQuest Timing Analyzer during compilation ; On                    ; On                    ;
; Enable compact report table                                                ; Off                   ; Off                   ;
; Restructure Multiplexers                                                   ; Auto                  ; Auto                  ;
; Create Debugging Nodes for IP Cores                                        ; Off                   ; Off                   ;
; Preserve fewer node names                                                  ; On                    ; On                    ;
; Disable OpenCore Plus hardware evaluation                                  ; Off                   ; Off                   ;
; Verilog Version                                                            ; Verilog_2001          ; Verilog_2001          ;
; VHDL Version                                                               ; VHDL_1993             ; VHDL_1993             ;
; State Machine Processing                                                   ; Auto                  ; Auto                  ;
; Safe State Machine                                                         ; Off                   ; Off                   ;
; Extract Verilog State Machines                                             ; On                    ; On                    ;
; Extract VHDL State Machines                                                ; On                    ; On                    ;
; Ignore Verilog initial constructs                                          ; Off                   ; Off                   ;
; Iteration limit for constant Verilog loops                                 ; 5000                  ; 5000                  ;
; Iteration limit for non-constant Verilog loops                             ; 250                   ; 250                   ;
; Add Pass-Through Logic to Inferred RAMs                                    ; On                    ; On                    ;
; Infer RAMs from Raw Logic                                                  ; On                    ; On                    ;
; Parallel Synthesis                                                         ; On                    ; On                    ;
; DSP Block Balancing                                                        ; Auto                  ; Auto                  ;
; NOT Gate Push-Back                                                         ; On                    ; On                    ;
; Power-Up Don't Care                                                        ; On                    ; On                    ;
; Remove Redundant Logic Cells                                               ; Off                   ; Off                   ;
; Remove Duplicate Registers                                                 ; On                    ; On                    ;
; Ignore CARRY Buffers                                                       ; Off                   ; Off                   ;
; Ignore CASCADE Buffers                                                     ; Off                   ; Off                   ;
; Ignore GLOBAL Buffers                                                      ; Off                   ; Off                   ;
; Ignore ROW GLOBAL Buffers                                                  ; Off                   ; Off                   ;
; Ignore LCELL Buffers                                                       ; Off                   ; Off                   ;
; Ignore SOFT Buffers                                                        ; On                    ; On                    ;
; Limit AHDL Integers to 32 Bits                                             ; Off                   ; Off                   ;
; Optimization Technique                                                     ; Balanced              ; Balanced              ;
; Carry Chain Length                                                         ; 70                    ; 70                    ;
; Auto Carry Chains                                                          ; On                    ; On                    ;
; Auto Open-Drain Pins                                                       ; On                    ; On                    ;
; Perform WYSIWYG Primitive Resynthesis                                      ; Off                   ; Off                   ;
; Auto ROM Replacement                                                       ; On                    ; On                    ;
; Auto RAM Replacement                                                       ; On                    ; On                    ;
; Auto Shift Register Replacement                                            ; Auto                  ; Auto                  ;
; Allow Shift Register Merging across Hierarchies                            ; Auto                  ; Auto                  ;
; Auto Clock Enable Replacement                                              ; On                    ; On                    ;
; Strict RAM Replacement                                                     ; Off                   ; Off                   ;
; Allow Synchronous Control Signals                                          ; On                    ; On                    ;
; Force Use of Synchronous Clear Signals                                     ; Off                   ; Off                   ;
; Auto RAM to Logic Cell Conversion                                          ; Off                   ; Off                   ;
; Auto Resource Sharing                                                      ; Off                   ; Off                   ;
; Allow Any RAM Size For Recognition                                         ; Off                   ; Off                   ;
; Allow Any ROM Size For Recognition                                         ; Off                   ; Off                   ;
; Allow Any Shift Register Size For Recognition                              ; Off                   ; Off                   ;
; Use LogicLock Constraints during Resource Balancing                        ; On                    ; On                    ;
; Ignore translate_off and synthesis_off directives                          ; Off                   ; Off                   ;
; Timing-Driven Synthesis                                                    ; Off                   ; Off                   ;
; Report Parameter Settings                                                  ; On                    ; On                    ;
; Report Source Assignments                                                  ; On                    ; On                    ;
; Report Connectivity Checks                                                 ; On                    ; On                    ;
; Ignore Maximum Fan-Out Assignments                                         ; Off                   ; Off                   ;
; Synchronization Register Chain Length                                      ; 2                     ; 2                     ;
; PowerPlay Power Optimization                                               ; Normal compilation    ; Normal compilation    ;
; HDL message level                                                          ; Level2                ; Level2                ;
; Suppress Register Optimization Related Messages                            ; Off                   ; Off                   ;
; Number of Removed Registers Reported in Synthesis Report                   ; 5000                  ; 5000                  ;
; Number of Swept Nodes Reported in Synthesis Report                         ; 5000                  ; 5000                  ;
; Number of Inverted Registers Reported in Synthesis Report                  ; 100                   ; 100                   ;
; Clock MUX Protection                                                       ; On                    ; On                    ;
; Auto Gated Clock Conversion                                                ; Off                   ; Off                   ;
; Block Design Naming                                                        ; Auto                  ; Auto                  ;
; SDC constraint protection                                                  ; Off                   ; Off                   ;
; Synthesis Effort                                                           ; Auto                  ; Auto                  ;
; Shift Register Replacement - Allow Asynchronous Clear Signal               ; On                    ; On                    ;
; Pre-Mapping Resynthesis Optimization                                       ; Off                   ; Off                   ;
; Analysis & Synthesis Message Level                                         ; Medium                ; Medium                ;
; Disable Register Merging Across Hierarchies                                ; Auto                  ; Auto                  ;
; Resource Aware Inference For Block RAM                                     ; On                    ; On                    ;
; Synthesis Seed                                                             ; 1                     ; 1                     ;
+----------------------------------------------------------------------------+-----------------------+-----------------------+


+------------------------------------------+
; Parallel Compilation                     ;
+----------------------------+-------------+
; Processors                 ; Number      ;
+----------------------------+-------------+
; Number detected on machine ; 4           ;
; Maximum allowed            ; 4           ;
;                            ;             ;
; Average used               ; 1.00        ;
; Maximum used               ; 1           ;
;                            ;             ;
; Usage by Processor         ; % Time Used ;
;     Processor 1            ; 100.0%      ;
;     Processors 2-4         ;   0.0%      ;
+----------------------------+-------------+


+---------------------------------------------------------------------------------------------------------------------------------------------------------------------+
; Analysis & Synthesis Source Files Read                                                                                                                              ;
+----------------------------------+-----------------+------------------------------+-----------------------------------------------------------------------+---------+
; File Name with User-Entered Path ; Used in Netlist ; File Type                    ; File Name with Absolute Path                                          ; Library ;
+----------------------------------+-----------------+------------------------------+-----------------------------------------------------------------------+---------+
; seven_segment_decoder.vhd        ; yes             ; User VHDL File               ; E:/FPGA Praktikum/seven_segment_decoder/seven_segment_decoder.vhd     ;         ;
; lpm_divide.tdf                   ; yes             ; Megafunction                 ; c:/altera/13.0sp1/quartus/libraries/megafunctions/lpm_divide.tdf      ;         ;
; abs_divider.inc                  ; yes             ; Megafunction                 ; c:/altera/13.0sp1/quartus/libraries/megafunctions/abs_divider.inc     ;         ;
; sign_div_unsign.inc              ; yes             ; Megafunction                 ; c:/altera/13.0sp1/quartus/libraries/megafunctions/sign_div_unsign.inc ;         ;
; aglobal130.inc                   ; yes             ; Megafunction                 ; c:/altera/13.0sp1/quartus/libraries/megafunctions/aglobal130.inc      ;         ;
; db/lpm_divide_0dm.tdf            ; yes             ; Auto-Generated Megafunction  ; E:/FPGA Praktikum/seven_segment_decoder/db/lpm_divide_0dm.tdf         ;         ;
; db/sign_div_unsign_akh.tdf       ; yes             ; Auto-Generated Megafunction  ; E:/FPGA Praktikum/seven_segment_decoder/db/sign_div_unsign_akh.tdf    ;         ;
; db/alt_u_div_mve.tdf             ; yes             ; Auto-Generated Megafunction  ; E:/FPGA Praktikum/seven_segment_decoder/db/alt_u_div_mve.tdf          ;         ;
; db/add_sub_lkc.tdf               ; yes             ; Auto-Generated Megafunction  ; E:/FPGA Praktikum/seven_segment_decoder/db/add_sub_lkc.tdf            ;         ;
; db/add_sub_mkc.tdf               ; yes             ; Auto-Generated Megafunction  ; E:/FPGA Praktikum/seven_segment_decoder/db/add_sub_mkc.tdf            ;         ;
; db/lpm_divide_65m.tdf            ; yes             ; Auto-Generated Megafunction  ; E:/FPGA Praktikum/seven_segment_decoder/db/lpm_divide_65m.tdf         ;         ;
; db/sign_div_unsign_dkh.tdf       ; yes             ; Auto-Generated Megafunction  ; E:/FPGA Praktikum/seven_segment_decoder/db/sign_div_unsign_dkh.tdf    ;         ;
; db/alt_u_div_sve.tdf             ; yes             ; Auto-Generated Megafunction  ; E:/FPGA Praktikum/seven_segment_decoder/db/alt_u_div_sve.tdf          ;         ;
+----------------------------------+-----------------+------------------------------+-----------------------------------------------------------------------+---------+


+-------------------------------------------------------------------------------------------------------------------------------------------------------------------------+
; Analysis & Synthesis Resource Usage Summary                                                                                                                             ;
+---------------------------------------------+---------------------------------------------------------------------------------------------------------------------------+
; Resource                                    ; Usage                                                                                                                     ;
+---------------------------------------------+---------------------------------------------------------------------------------------------------------------------------+
; Estimated Total logic elements              ; 149                                                                                                                       ;
;                                             ;                                                                                                                           ;
; Total combinational functions               ; 149                                                                                                                       ;
; Logic element usage by number of LUT inputs ;                                                                                                                           ;
;     -- 4 input functions                    ; 38                                                                                                                        ;
;     -- 3 input functions                    ; 38                                                                                                                        ;
;     -- <=2 input functions                  ; 73                                                                                                                        ;
;                                             ;                                                                                                                           ;
; Logic elements by mode                      ;                                                                                                                           ;
;     -- normal mode                          ; 110                                                                                                                       ;
;     -- arithmetic mode                      ; 39                                                                                                                        ;
;                                             ;                                                                                                                           ;
; Total registers                             ; 0                                                                                                                         ;
;     -- Dedicated logic registers            ; 0                                                                                                                         ;
;     -- I/O registers                        ; 0                                                                                                                         ;
;                                             ;                                                                                                                           ;
; I/O pins                                    ; 21                                                                                                                        ;
; Embedded Multiplier 9-bit elements          ; 0                                                                                                                         ;
; Maximum fan-out node                        ; lpm_divide:Div0|lpm_divide_0dm:auto_generated|sign_div_unsign_akh:divider|alt_u_div_mve:divider|add_sub_4_result_int[5]~8 ;
; Maximum fan-out                             ; 17                                                                                                                        ;
; Total fan-out                               ; 409                                                                                                                       ;
; Average fan-out                             ; 2.41                                                                                                                      ;
+---------------------------------------------+---------------------------------------------------------------------------------------------------------------------------+


+--------------------------------------------------------------------------------------------------------------------------------------------------------------------------------------------------------------------------------------------------------------------------------------------+
; Analysis & Synthesis Resource Utilization by Entity                                                                                                                                                                                                                                        ;
+----------------------------------------+-------------------+--------------+-------------+--------------+---------+-----------+------+--------------+------------------------------------------------------------------------------------------------------------------------+--------------+
; Compilation Hierarchy Node             ; LC Combinationals ; LC Registers ; Memory Bits ; DSP Elements ; DSP 9x9 ; DSP 18x18 ; Pins ; Virtual Pins ; Full Hierarchy Name                                                                                                    ; Library Name ;
+----------------------------------------+-------------------+--------------+-------------+--------------+---------+-----------+------+--------------+------------------------------------------------------------------------------------------------------------------------+--------------+
; |seven_segment_decoder                 ; 149 (52)          ; 0 (0)        ; 0           ; 0            ; 0       ; 0         ; 21   ; 0            ; |seven_segment_decoder                                                                                                 ; work         ;
;    |lpm_divide:Div0|                   ; 43 (0)            ; 0 (0)        ; 0           ; 0            ; 0       ; 0         ; 0    ; 0            ; |seven_segment_decoder|lpm_divide:Div0                                                                                 ; work         ;
;       |lpm_divide_0dm:auto_generated|  ; 43 (0)            ; 0 (0)        ; 0           ; 0            ; 0       ; 0         ; 0    ; 0            ; |seven_segment_decoder|lpm_divide:Div0|lpm_divide_0dm:auto_generated                                                   ; work         ;
;          |sign_div_unsign_akh:divider| ; 43 (0)            ; 0 (0)        ; 0           ; 0            ; 0       ; 0         ; 0    ; 0            ; |seven_segment_decoder|lpm_divide:Div0|lpm_divide_0dm:auto_generated|sign_div_unsign_akh:divider                       ; work         ;
;             |alt_u_div_mve:divider|    ; 43 (43)           ; 0 (0)        ; 0           ; 0            ; 0       ; 0         ; 0    ; 0            ; |seven_segment_decoder|lpm_divide:Div0|lpm_divide_0dm:auto_generated|sign_div_unsign_akh:divider|alt_u_div_mve:divider ; work         ;
;    |lpm_divide:Mod0|                   ; 54 (0)            ; 0 (0)        ; 0           ; 0            ; 0       ; 0         ; 0    ; 0            ; |seven_segment_decoder|lpm_divide:Mod0                                                                                 ; work         ;
;       |lpm_divide_65m:auto_generated|  ; 54 (0)            ; 0 (0)        ; 0           ; 0            ; 0       ; 0         ; 0    ; 0            ; |seven_segment_decoder|lpm_divide:Mod0|lpm_divide_65m:auto_generated                                                   ; work         ;
;          |sign_div_unsign_dkh:divider| ; 54 (0)            ; 0 (0)        ; 0           ; 0            ; 0       ; 0         ; 0    ; 0            ; |seven_segment_decoder|lpm_divide:Mod0|lpm_divide_65m:auto_generated|sign_div_unsign_dkh:divider                       ; work         ;
;             |alt_u_div_sve:divider|    ; 54 (54)           ; 0 (0)        ; 0           ; 0            ; 0       ; 0         ; 0    ; 0            ; |seven_segment_decoder|lpm_divide:Mod0|lpm_divide_65m:auto_generated|sign_div_unsign_dkh:divider|alt_u_div_sve:divider ; work         ;
+----------------------------------------+-------------------+--------------+-------------+--------------+---------+-----------+------+--------------+------------------------------------------------------------------------------------------------------------------------+--------------+
Note: For table entries with two numbers listed, the numbers in parentheses indicate the number of resources of the given type used by the specific entity alone. The numbers listed outside of parentheses indicate the total resources of the given type used by the specific entity and all of its sub-entities in the hierarchy.


+---------------------------------------------------------------------------------------------------+
; User-Specified and Inferred Latches                                                               ;
+----------------------------------------------------+---------------------+------------------------+
; Latch Name                                         ; Latch Enable Signal ; Free of Timing Hazards ;
+----------------------------------------------------+---------------------+------------------------+
; internal_counter[0]                                ; internal_counter[1] ; yes                    ;
; internal_counter[1]                                ; internal_counter[1] ; yes                    ;
; internal_counter[2]                                ; internal_counter[1] ; yes                    ;
; internal_counter[3]                                ; internal_counter[1] ; yes                    ;
; internal_counter[5]                                ; internal_counter[1] ; yes                    ;
; internal_counter[6]                                ; internal_counter[1] ; yes                    ;
; internal_counter[4]                                ; internal_counter[1] ; yes                    ;
; Number of user-specified and inferred latches = 7  ;                     ;                        ;
+----------------------------------------------------+---------------------+------------------------+
Note: All latches listed above may not be present at the end of synthesis due to various synthesis optimizations.


+------------------------------------------------------+
; General Register Statistics                          ;
+----------------------------------------------+-------+
; Statistic                                    ; Value ;
+----------------------------------------------+-------+
; Total registers                              ; 0     ;
; Number of registers using Synchronous Clear  ; 0     ;
; Number of registers using Synchronous Load   ; 0     ;
; Number of registers using Asynchronous Clear ; 0     ;
; Number of registers using Asynchronous Load  ; 0     ;
; Number of registers using Clock Enable       ; 0     ;
; Number of registers using Preset             ; 0     ;
+----------------------------------------------+-------+


+------------------------------------------------------------------+
; Parameter Settings for Inferred Entity Instance: lpm_divide:Div0 ;
+------------------------+----------------+------------------------+
; Parameter Name         ; Value          ; Type                   ;
+------------------------+----------------+------------------------+
; LPM_WIDTHN             ; 7              ; Untyped                ;
; LPM_WIDTHD             ; 4              ; Untyped                ;
; LPM_NREPRESENTATION    ; UNSIGNED       ; Untyped                ;
; LPM_DREPRESENTATION    ; UNSIGNED       ; Untyped                ;
; LPM_PIPELINE           ; 0              ; Untyped                ;
; LPM_REMAINDERPOSITIVE  ; TRUE           ; Untyped                ;
; MAXIMIZE_SPEED         ; 5              ; Untyped                ;
; CBXI_PARAMETER         ; lpm_divide_0dm ; Untyped                ;
; CARRY_CHAIN            ; MANUAL         ; Untyped                ;
; OPTIMIZE_FOR_SPEED     ; 5              ; Untyped                ;
; AUTO_CARRY_CHAINS      ; ON             ; AUTO_CARRY             ;
; IGNORE_CARRY_BUFFERS   ; OFF            ; IGNORE_CARRY           ;
; AUTO_CASCADE_CHAINS    ; ON             ; AUTO_CASCADE           ;
; IGNORE_CASCADE_BUFFERS ; OFF            ; IGNORE_CASCADE         ;
+------------------------+----------------+------------------------+
Note: In order to hide this table in the UI and the text report file, please set the "Show Parameter Settings in Synthesis Report" option in "Analysis and Synthesis Settings -> More Settings" to "Off".


+------------------------------------------------------------------+
; Parameter Settings for Inferred Entity Instance: lpm_divide:Mod0 ;
+------------------------+----------------+------------------------+
; Parameter Name         ; Value          ; Type                   ;
+------------------------+----------------+------------------------+
; LPM_WIDTHN             ; 7              ; Untyped                ;
; LPM_WIDTHD             ; 7              ; Untyped                ;
; LPM_NREPRESENTATION    ; UNSIGNED       ; Untyped                ;
; LPM_DREPRESENTATION    ; UNSIGNED       ; Untyped                ;
; LPM_PIPELINE           ; 0              ; Untyped                ;
; LPM_REMAINDERPOSITIVE  ; TRUE           ; Untyped                ;
; MAXIMIZE_SPEED         ; 5              ; Untyped                ;
; CBXI_PARAMETER         ; lpm_divide_65m ; Untyped                ;
; CARRY_CHAIN            ; MANUAL         ; Untyped                ;
; OPTIMIZE_FOR_SPEED     ; 5              ; Untyped                ;
; AUTO_CARRY_CHAINS      ; ON             ; AUTO_CARRY             ;
; IGNORE_CARRY_BUFFERS   ; OFF            ; IGNORE_CARRY           ;
; AUTO_CASCADE_CHAINS    ; ON             ; AUTO_CASCADE           ;
; IGNORE_CASCADE_BUFFERS ; OFF            ; IGNORE_CASCADE         ;
+------------------------+----------------+------------------------+
Note: In order to hide this table in the UI and the text report file, please set the "Show Parameter Settings in Synthesis Report" option in "Analysis and Synthesis Settings -> More Settings" to "Off".


+-------------------------------+
; Elapsed Time Per Partition    ;
+----------------+--------------+
; Partition Name ; Elapsed Time ;
+----------------+--------------+
; Top            ; 00:00:01     ;
+----------------+--------------+


+-------------------------------+
; Analysis & Synthesis Messages ;
+-------------------------------+
Info: *******************************************************************
Info: Running Quartus II 64-Bit Analysis & Synthesis
    Info: Version 13.0.1 Build 232 06/12/2013 Service Pack 1 SJ Full Version
    Info: Processing started: Wed Dec 06 17:05:43 2017
Info: Command: quartus_map --read_settings_files=on --write_settings_files=off seven_segment_decoder -c seven_segment_decoder
Info (20030): Parallel compilation is enabled and will use 4 of the 4 processors detected
Info (12021): Found 2 design units, including 1 entities, in source file seven_segment_decoder.vhd
    Info (12022): Found design unit 1: seven_segment_decoder-segment_control
    Info (12023): Found entity 1: seven_segment_decoder
Info (12127): Elaborating entity "seven_segment_decoder" for the top level hierarchy
Warning (10631): VHDL Process Statement warning at seven_segment_decoder.vhd(22): inferring latch(es) for signal or variable "internal_counter", which holds its previous value in one or more paths through the process
Info (10041): Inferred latch for "internal_counter[0]" at seven_segment_decoder.vhd(27)
Info (10041): Inferred latch for "internal_counter[1]" at seven_segment_decoder.vhd(27)
Info (10041): Inferred latch for "internal_counter[2]" at seven_segment_decoder.vhd(27)
Info (10041): Inferred latch for "internal_counter[3]" at seven_segment_decoder.vhd(27)
Info (10041): Inferred latch for "internal_counter[4]" at seven_segment_decoder.vhd(27)
Info (10041): Inferred latch for "internal_counter[5]" at seven_segment_decoder.vhd(27)
Info (10041): Inferred latch for "internal_counter[6]" at seven_segment_decoder.vhd(27)
Info (278001): Inferred 2 megafunctions from design logic
    Info (278004): Inferred divider/modulo megafunction ("lpm_divide") from the following logic: "Div0"
    Info (278004): Inferred divider/modulo megafunction ("lpm_divide") from the following logic: "Mod0"
Info (12130): Elaborated megafunction instantiation "lpm_divide:Div0"
Info (12133): Instantiated megafunction "lpm_divide:Div0" with the following parameter:
    Info (12134): Parameter "LPM_WIDTHN" = "7"
    Info (12134): Parameter "LPM_WIDTHD" = "4"
    Info (12134): Parameter "LPM_NREPRESENTATION" = "UNSIGNED"
    Info (12134): Parameter "LPM_DREPRESENTATION" = "UNSIGNED"
Info (12021): Found 1 design units, including 1 entities, in source file db/lpm_divide_0dm.tdf
    Info (12023): Found entity 1: lpm_divide_0dm
Info (12021): Found 1 design units, including 1 entities, in source file db/sign_div_unsign_akh.tdf
    Info (12023): Found entity 1: sign_div_unsign_akh
Info (12021): Found 1 design units, including 1 entities, in source file db/alt_u_div_mve.tdf
    Info (12023): Found entity 1: alt_u_div_mve
Info (12021): Found 1 design units, including 1 entities, in source file db/add_sub_lkc.tdf
    Info (12023): Found entity 1: add_sub_lkc
Info (12021): Found 1 design units, including 1 entities, in source file db/add_sub_mkc.tdf
    Info (12023): Found entity 1: add_sub_mkc
Info (12130): Elaborated megafunction instantiation "lpm_divide:Mod0"
Info (12133): Instantiated megafunction "lpm_divide:Mod0" with the following parameter:
    Info (12134): Parameter "LPM_WIDTHN" = "7"
    Info (12134): Parameter "LPM_WIDTHD" = "7"
    Info (12134): Parameter "LPM_NREPRESENTATION" = "UNSIGNED"
    Info (12134): Parameter "LPM_DREPRESENTATION" = "UNSIGNED"
Info (12021): Found 1 design units, including 1 entities, in source file db/lpm_divide_65m.tdf
    Info (12023): Found entity 1: lpm_divide_65m
Info (12021): Found 1 design units, including 1 entities, in source file db/sign_div_unsign_dkh.tdf
    Info (12023): Found entity 1: sign_div_unsign_dkh
Info (12021): Found 1 design units, including 1 entities, in source file db/alt_u_div_sve.tdf
    Info (12023): Found entity 1: alt_u_div_sve
Warning (13012): Latch internal_counter[0] has unsafe behavior
    Warning (13013): Ports D and ENA on the latch are fed by the same signal count_8[0]
Warning (13012): Latch internal_counter[1] has unsafe behavior
    Warning (13013): Ports D and ENA on the latch are fed by the same signal count_8[0]
Warning (13012): Latch internal_counter[2] has unsafe behavior
    Warning (13013): Ports D and ENA on the latch are fed by the same signal count_8[0]
Warning (13012): Latch internal_counter[3] has unsafe behavior
    Warning (13013): Ports D and ENA on the latch are fed by the same signal count_8[0]
Warning (13012): Latch internal_counter[5] has unsafe behavior
    Warning (13013): Ports D and ENA on the latch are fed by the same signal count_8[0]
Warning (13012): Latch internal_counter[6] has unsafe behavior
    Warning (13013): Ports D and ENA on the latch are fed by the same signal count_8[0]
Warning (13012): Latch internal_counter[4] has unsafe behavior
    Warning (13013): Ports D and ENA on the latch are fed by the same signal count_8[0]
Warning (13024): Output pins are stuck at VCC or GND
    Warning (13410): Pin "u32[0]" is stuck at VCC
    Warning (13410): Pin "u33[0]" is stuck at VCC
Info (16010): Generating hard_block partition "hard_block:auto_generated_inst"
    Info (16011): Adding 0 node(s), including 0 DDIO, 0 PLL, 0 transceiver and 0 LCELL
Info (21057): Implemented 170 device resources after synthesis - the final resource count might be different
    Info (21058): Implemented 5 input pins
    Info (21059): Implemented 16 output pins
    Info (21061): Implemented 149 logic cells
Info: Quartus II 64-Bit Analysis & Synthesis was successful. 0 errors, 18 warnings
    Info: Peak virtual memory: 558 megabytes
    Info: Processing ended: Wed Dec 06 17:05:49 2017
    Info: Elapsed time: 00:00:06
    Info: Total CPU time (on all processors): 00:00:03


