Analysis & Synthesis report for tiefpass
Wed Jan 24 15:57:47 2018
Quartus II 64-Bit Version 13.0.1 Build 232 06/12/2013 Service Pack 1 SJ Full Version


---------------------
; Table of Contents ;
---------------------
  1. Legal Notice
  2. Analysis & Synthesis Summary
  3. Analysis & Synthesis Settings
  4. Parallel Compilation
  5. Analysis & Synthesis Source Files Read
  6. Analysis & Synthesis Resource Usage Summary
  7. Analysis & Synthesis Resource Utilization by Entity
  8. Analysis & Synthesis DSP Block Usage Summary
  9. Analysis & Synthesis IP Cores Summary
 10. General Register Statistics
 11. Source assignments for altmult_add0_tp:inst|altmult_add:ALTMULT_ADD_component|mult_add_q774:auto_generated
 12. Source assignments for altmult_add0_tp:inst|altmult_add:ALTMULT_ADD_component|mult_add_q774:auto_generated|ded_mult_d491:ded_mult1|dffpipe_c3c:pre_result
 13. Source assignments for altmult_add0_tp:inst|altmult_add:ALTMULT_ADD_component|mult_add_q774:auto_generated|ded_mult_d491:ded_mult2|dffpipe_c3c:pre_result
 14. Source assignments for altmult_add0_tp:inst|altmult_add:ALTMULT_ADD_component|mult_add_q774:auto_generated|ded_mult_d491:ded_mult3|dffpipe_c3c:pre_result
 15. Parameter Settings for User Entity Instance: altmult_add0_tp:inst|altmult_add:ALTMULT_ADD_component
 16. Parameter Settings for User Entity Instance: lpm_constant0:inst2|lpm_constant:LPM_CONSTANT_component
 17. Parameter Settings for User Entity Instance: lpm_constant1:inst5|lpm_constant:LPM_CONSTANT_component
 18. Parameter Settings for User Entity Instance: lpm_constant0:inst4|lpm_constant:LPM_CONSTANT_component
 19. altmult_add Parameter Settings by Entity Instance
 20. Elapsed Time Per Partition
 21. Analysis & Synthesis Messages



----------------
; Legal Notice ;
----------------
Copyright (C) 1991-2013 Altera Corporation
Your use of Altera Corporation's design tools, logic functions 
and other software and tools, and its AMPP partner logic 
functions, and any output files from any of the foregoing 
(including device programming or simulation files), and any 
associated documentation or information are expressly subject 
to the terms and conditions of the Altera Program License 
Subscription Agreement, Altera MegaCore Function License 
Agreement, or other applicable license agreement, including, 
without limitation, that your use is for the sole purpose of 
programming logic devices manufactured by Altera and sold by 
Altera or its authorized distributors.  Please refer to the 
applicable agreement for further details.



+---------------------------------------------------------------------------------------+
; Analysis & Synthesis Summary                                                          ;
+------------------------------------+--------------------------------------------------+
; Analysis & Synthesis Status        ; Successful - Wed Jan 24 15:57:47 2018            ;
; Quartus II 64-Bit Version          ; 13.0.1 Build 232 06/12/2013 SP 1 SJ Full Version ;
; Revision Name                      ; tiefpass                                         ;
; Top-level Entity Name              ; tiefpass                                         ;
; Family                             ; Cyclone II                                       ;
; Total logic elements               ; 74                                               ;
;     Total combinational functions  ; 32                                               ;
;     Dedicated logic registers      ; 56                                               ;
; Total registers                    ; 56                                               ;
; Total pins                         ; 30                                               ;
; Total virtual pins                 ; 0                                                ;
; Total memory bits                  ; 0                                                ;
; Embedded Multiplier 9-bit elements ; 6                                                ;
; Total PLLs                         ; 0                                                ;
+------------------------------------+--------------------------------------------------+


+----------------------------------------------------------------------------------------------------------------------+
; Analysis & Synthesis Settings                                                                                        ;
+----------------------------------------------------------------------------+--------------------+--------------------+
; Option                                                                     ; Setting            ; Default Value      ;
+----------------------------------------------------------------------------+--------------------+--------------------+
; Device                                                                     ; EP2C70F672C6       ;                    ;
; Top-level entity name                                                      ; tiefpass           ; tiefpass           ;
; Family name                                                                ; Cyclone II         ; Cyclone IV GX      ;
; Use smart compilation                                                      ; Off                ; Off                ;
; Enable parallel Assembler and TimeQuest Timing Analyzer during compilation ; On                 ; On                 ;
; Enable compact report table                                                ; Off                ; Off                ;
; Restructure Multiplexers                                                   ; Auto               ; Auto               ;
; Create Debugging Nodes for IP Cores                                        ; Off                ; Off                ;
; Preserve fewer node names                                                  ; On                 ; On                 ;
; Disable OpenCore Plus hardware evaluation                                  ; Off                ; Off                ;
; Verilog Version                                                            ; Verilog_2001       ; Verilog_2001       ;
; VHDL Version                                                               ; VHDL_1993          ; VHDL_1993          ;
; State Machine Processing                                                   ; Auto               ; Auto               ;
; Safe State Machine                                                         ; Off                ; Off                ;
; Extract Verilog State Machines                                             ; On                 ; On                 ;
; Extract VHDL State Machines                                                ; On                 ; On                 ;
; Ignore Verilog initial constructs                                          ; Off                ; Off                ;
; Iteration limit for constant Verilog loops                                 ; 5000               ; 5000               ;
; Iteration limit for non-constant Verilog loops                             ; 250                ; 250                ;
; Add Pass-Through Logic to Inferred RAMs                                    ; On                 ; On                 ;
; Infer RAMs from Raw Logic                                                  ; On                 ; On                 ;
; Parallel Synthesis                                                         ; On                 ; On                 ;
; DSP Block Balancing                                                        ; Auto               ; Auto               ;
; NOT Gate Push-Back                                                         ; On                 ; On                 ;
; Power-Up Don't Care                                                        ; On                 ; On                 ;
; Remove Redundant Logic Cells                                               ; Off                ; Off                ;
; Remove Duplicate Registers                                                 ; On                 ; On                 ;
; Ignore CARRY Buffers                                                       ; Off                ; Off                ;
; Ignore CASCADE Buffers                                                     ; Off                ; Off                ;
; Ignore GLOBAL Buffers                                                      ; Off                ; Off                ;
; Ignore ROW GLOBAL Buffers                                                  ; Off                ; Off                ;
; Ignore LCELL Buffers                                                       ; Off                ; Off                ;
; Ignore SOFT Buffers                                                        ; On                 ; On                 ;
; Limit AHDL Integers to 32 Bits                                             ; Off                ; Off                ;
; Optimization Technique                                                     ; Balanced           ; Balanced           ;
; Carry Chain Length                                                         ; 70                 ; 70                 ;
; Auto Carry Chains                                                          ; On                 ; On                 ;
; Auto Open-Drain Pins                                                       ; On                 ; On                 ;
; Perform WYSIWYG Primitive Resynthesis                                      ; Off                ; Off                ;
; Auto ROM Replacement                                                       ; On                 ; On                 ;
; Auto RAM Replacement                                                       ; On                 ; On                 ;
; Auto Shift Register Replacement                                            ; Auto               ; Auto               ;
; Allow Shift Register Merging across Hierarchies                            ; Auto               ; Auto               ;
; Auto Clock Enable Replacement                                              ; On                 ; On                 ;
; Strict RAM Replacement                                                     ; Off                ; Off                ;
; Allow Synchronous Control Signals                                          ; On                 ; On                 ;
; Force Use of Synchronous Clear Signals                                     ; Off                ; Off                ;
; Auto RAM to Logic Cell Conversion                                          ; Off                ; Off                ;
; Auto Resource Sharing                                                      ; Off                ; Off                ;
; Allow Any RAM Size For Recognition                                         ; Off                ; Off                ;
; Allow Any ROM Size For Recognition                                         ; Off                ; Off                ;
; Allow Any Shift Register Size For Recognition                              ; Off                ; Off                ;
; Use LogicLock Constraints during Resource Balancing                        ; On                 ; On                 ;
; Ignore translate_off and synthesis_off directives                          ; Off                ; Off                ;
; Timing-Driven Synthesis                                                    ; Off                ; Off                ;
; Report Parameter Settings                                                  ; On                 ; On                 ;
; Report Source Assignments                                                  ; On                 ; On                 ;
; Report Connectivity Checks                                                 ; On                 ; On                 ;
; Ignore Maximum Fan-Out Assignments                                         ; Off                ; Off                ;
; Synchronization Register Chain Length                                      ; 2                  ; 2                  ;
; PowerPlay Power Optimization                                               ; Normal compilation ; Normal compilation ;
; HDL message level                                                          ; Level2             ; Level2             ;
; Suppress Register Optimization Related Messages                            ; Off                ; Off                ;
; Number of Removed Registers Reported in Synthesis Report                   ; 5000               ; 5000               ;
; Number of Swept Nodes Reported in Synthesis Report                         ; 5000               ; 5000               ;
; Number of Inverted Registers Reported in Synthesis Report                  ; 100                ; 100                ;
; Clock MUX Protection                                                       ; On                 ; On                 ;
; Auto Gated Clock Conversion                                                ; Off                ; Off                ;
; Block Design Naming                                                        ; Auto               ; Auto               ;
; SDC constraint protection                                                  ; Off                ; Off                ;
; Synthesis Effort                                                           ; Auto               ; Auto               ;
; Shift Register Replacement - Allow Asynchronous Clear Signal               ; On                 ; On                 ;
; Pre-Mapping Resynthesis Optimization                                       ; Off                ; Off                ;
; Analysis & Synthesis Message Level                                         ; Medium             ; Medium             ;
; Disable Register Merging Across Hierarchies                                ; Auto               ; Auto               ;
; Resource Aware Inference For Block RAM                                     ; On                 ; On                 ;
; Synthesis Seed                                                             ; 1                  ; 1                  ;
+----------------------------------------------------------------------------+--------------------+--------------------+


+------------------------------------------+
; Parallel Compilation                     ;
+----------------------------+-------------+
; Processors                 ; Number      ;
+----------------------------+-------------+
; Number detected on machine ; 4           ;
; Maximum allowed            ; 4           ;
;                            ;             ;
; Average used               ; 1.00        ;
; Maximum used               ; 1           ;
;                            ;             ;
; Usage by Processor         ; % Time Used ;
;     Processor 1            ; 100.0%      ;
;     Processors 2-4         ;   0.0%      ;
+----------------------------+-------------+


+----------------------------------------------------------------------------------------------------------------------------------------------------------------------------+
; Analysis & Synthesis Source Files Read                                                                                                                                     ;
+----------------------------------+-----------------+------------------------------------+------------------------------------------------------------------------+---------+
; File Name with User-Entered Path ; Used in Netlist ; File Type                          ; File Name with Absolute Path                                           ; Library ;
+----------------------------------+-----------------+------------------------------------+------------------------------------------------------------------------+---------+
; tiefpass.bdf                     ; yes             ; User Block Diagram/Schematic File  ; E:/FPGA Praktikum/Filter/Tiefpass/tiefpass.bdf                         ;         ;
; altmult_add0_tp.vhd              ; yes             ; User Wizard-Generated File         ; E:/FPGA Praktikum/Filter/Tiefpass/altmult_add0_tp.vhd                  ;         ;
; lpm_constant0.vhd                ; yes             ; User Wizard-Generated File         ; E:/FPGA Praktikum/Filter/Tiefpass/lpm_constant0.vhd                    ;         ;
; lpm_constant1.vhd                ; yes             ; User Wizard-Generated File         ; E:/FPGA Praktikum/Filter/Tiefpass/lpm_constant1.vhd                    ;         ;
; altmult_add.tdf                  ; yes             ; Megafunction                       ; c:/altera/13.0sp1/quartus/libraries/megafunctions/altmult_add.tdf      ;         ;
; aglobal130.inc                   ; yes             ; Megafunction                       ; c:/altera/13.0sp1/quartus/libraries/megafunctions/aglobal130.inc       ;         ;
; stratix_mac_mult.inc             ; yes             ; Megafunction                       ; c:/altera/13.0sp1/quartus/libraries/megafunctions/stratix_mac_mult.inc ;         ;
; stratix_mac_out.inc              ; yes             ; Megafunction                       ; c:/altera/13.0sp1/quartus/libraries/megafunctions/stratix_mac_out.inc  ;         ;
; db/mult_add_q774.tdf             ; yes             ; Auto-Generated Megafunction        ; E:/FPGA Praktikum/Filter/Tiefpass/db/mult_add_q774.tdf                 ;         ;
; db/ded_mult_d491.tdf             ; yes             ; Auto-Generated Megafunction        ; E:/FPGA Praktikum/Filter/Tiefpass/db/ded_mult_d491.tdf                 ;         ;
; db/dffpipe_c3c.tdf               ; yes             ; Auto-Generated Megafunction        ; E:/FPGA Praktikum/Filter/Tiefpass/db/dffpipe_c3c.tdf                   ;         ;
; lpm_constant.tdf                 ; yes             ; Megafunction                       ; c:/altera/13.0sp1/quartus/libraries/megafunctions/lpm_constant.tdf     ;         ;
+----------------------------------+-----------------+------------------------------------+------------------------------------------------------------------------+---------+


+-----------------------------------------------------+
; Analysis & Synthesis Resource Usage Summary         ;
+---------------------------------------------+-------+
; Resource                                    ; Usage ;
+---------------------------------------------+-------+
; Estimated Total logic elements              ; 74    ;
;                                             ;       ;
; Total combinational functions               ; 32    ;
; Logic element usage by number of LUT inputs ;       ;
;     -- 4 input functions                    ; 0     ;
;     -- 3 input functions                    ; 30    ;
;     -- <=2 input functions                  ; 2     ;
;                                             ;       ;
; Logic elements by mode                      ;       ;
;     -- normal mode                          ; 2     ;
;     -- arithmetic mode                      ; 30    ;
;                                             ;       ;
; Total registers                             ; 56    ;
;     -- Dedicated logic registers            ; 56    ;
;     -- I/O registers                        ; 0     ;
;                                             ;       ;
; I/O pins                                    ; 30    ;
; Embedded Multiplier 9-bit elements          ; 6     ;
; Maximum fan-out node                        ; CLK   ;
; Maximum fan-out                             ; 62    ;
; Total fan-out                               ; 313   ;
; Average fan-out                             ; 2.52  ;
+---------------------------------------------+-------+


+----------------------------------------------------------------------------------------------------------------------------------------------------------------------------------------------------------------------------------------------------------------------------------------------+
; Analysis & Synthesis Resource Utilization by Entity                                                                                                                                                                                                                                          ;
+-------------------------------------------+-------------------+--------------+-------------+--------------+---------+-----------+------+--------------+-----------------------------------------------------------------------------------------------------------------------+--------------+
; Compilation Hierarchy Node                ; LC Combinationals ; LC Registers ; Memory Bits ; DSP Elements ; DSP 9x9 ; DSP 18x18 ; Pins ; Virtual Pins ; Full Hierarchy Name                                                                                                   ; Library Name ;
+-------------------------------------------+-------------------+--------------+-------------+--------------+---------+-----------+------+--------------+-----------------------------------------------------------------------------------------------------------------------+--------------+
; |tiefpass                                 ; 32 (0)            ; 56 (42)      ; 0           ; 6            ; 0       ; 3         ; 30   ; 0            ; |tiefpass                                                                                                             ; work         ;
;    |altmult_add0_tp:inst|                 ; 32 (0)            ; 14 (0)       ; 0           ; 6            ; 0       ; 3         ; 0    ; 0            ; |tiefpass|altmult_add0_tp:inst                                                                                        ; work         ;
;       |altmult_add:ALTMULT_ADD_component| ; 32 (0)            ; 14 (0)       ; 0           ; 6            ; 0       ; 3         ; 0    ; 0            ; |tiefpass|altmult_add0_tp:inst|altmult_add:ALTMULT_ADD_component                                                      ; work         ;
;          |mult_add_q774:auto_generated|   ; 32 (32)           ; 14 (14)      ; 0           ; 6            ; 0       ; 3         ; 0    ; 0            ; |tiefpass|altmult_add0_tp:inst|altmult_add:ALTMULT_ADD_component|mult_add_q774:auto_generated                         ; work         ;
;             |ded_mult_d491:ded_mult1|     ; 0 (0)             ; 0 (0)        ; 0           ; 2            ; 0       ; 1         ; 0    ; 0            ; |tiefpass|altmult_add0_tp:inst|altmult_add:ALTMULT_ADD_component|mult_add_q774:auto_generated|ded_mult_d491:ded_mult1 ; work         ;
;             |ded_mult_d491:ded_mult2|     ; 0 (0)             ; 0 (0)        ; 0           ; 2            ; 0       ; 1         ; 0    ; 0            ; |tiefpass|altmult_add0_tp:inst|altmult_add:ALTMULT_ADD_component|mult_add_q774:auto_generated|ded_mult_d491:ded_mult2 ; work         ;
;             |ded_mult_d491:ded_mult3|     ; 0 (0)             ; 0 (0)        ; 0           ; 2            ; 0       ; 1         ; 0    ; 0            ; |tiefpass|altmult_add0_tp:inst|altmult_add:ALTMULT_ADD_component|mult_add_q774:auto_generated|ded_mult_d491:ded_mult3 ; work         ;
+-------------------------------------------+-------------------+--------------+-------------+--------------+---------+-----------+------+--------------+-----------------------------------------------------------------------------------------------------------------------+--------------+
Note: For table entries with two numbers listed, the numbers in parentheses indicate the number of resources of the given type used by the specific entity alone. The numbers listed outside of parentheses indicate the total resources of the given type used by the specific entity and all of its sub-entities in the hierarchy.


+-----------------------------------------------------+
; Analysis & Synthesis DSP Block Usage Summary        ;
+---------------------------------------+-------------+
; Statistic                             ; Number Used ;
+---------------------------------------+-------------+
; Simple Multipliers (9-bit)            ; 0           ;
; Simple Multipliers (18-bit)           ; 3           ;
; Embedded Multiplier Blocks            ; --          ;
; Embedded Multiplier 9-bit elements    ; 6           ;
; Signed Embedded Multipliers           ; 3           ;
; Unsigned Embedded Multipliers         ; 0           ;
; Mixed Sign Embedded Multipliers       ; 0           ;
; Variable Sign Embedded Multipliers    ; 0           ;
; Dedicated Input Shift Register Chains ; 0           ;
+---------------------------------------+-------------+
Note: number of Embedded Multiplier Blocks used is only available after a successful fit.


+--------------------------------------------------------------------------------------------------------------------------------------------------------+
; Analysis & Synthesis IP Cores Summary                                                                                                                  ;
+--------+--------------+---------+--------------+--------------+--------------------------------+-------------------------------------------------------+
; Vendor ; IP Core Name ; Version ; Release Date ; License Type ; Entity Instance                ; IP Include File                                       ;
+--------+--------------+---------+--------------+--------------+--------------------------------+-------------------------------------------------------+
; Altera ; ALTMULT_ADD  ; 13.0    ; N/A          ; N/A          ; |tiefpass|altmult_add0_tp:inst ; E:/FPGA Praktikum/Filter/Tiefpass/altmult_add0_tp.vhd ;
; Altera ; LPM_CONSTANT ; 13.0    ; N/A          ; N/A          ; |tiefpass|lpm_constant0:inst2  ; E:/FPGA Praktikum/Filter/Tiefpass/lpm_constant0.vhd   ;
; Altera ; LPM_CONSTANT ; 13.0    ; N/A          ; N/A          ; |tiefpass|lpm_constant0:inst4  ; E:/FPGA Praktikum/Filter/Tiefpass/lpm_constant0.vhd   ;
; Altera ; LPM_CONSTANT ; 13.0    ; N/A          ; N/A          ; |tiefpass|lpm_constant1:inst5  ; E:/FPGA Praktikum/Filter/Tiefpass/lpm_constant1.vhd   ;
+--------+--------------+---------+--------------+--------------+--------------------------------+-------------------------------------------------------+


+------------------------------------------------------+
; General Register Statistics                          ;
+----------------------------------------------+-------+
; Statistic                                    ; Value ;
+----------------------------------------------+-------+
; Total registers                              ; 56    ;
; Number of registers using Synchronous Clear  ; 0     ;
; Number of registers using Synchronous Load   ; 0     ;
; Number of registers using Asynchronous Clear ; 42    ;
; Number of registers using Asynchronous Load  ; 0     ;
; Number of registers using Clock Enable       ; 0     ;
; Number of registers using Preset             ; 0     ;
+----------------------------------------------+-------+


+------------------------------------------------------------------------------------------------------------+
; Source assignments for altmult_add0_tp:inst|altmult_add:ALTMULT_ADD_component|mult_add_q774:auto_generated ;
+------------+-------+------+--------------------------------------------------------------------------------+
; Assignment ; Value ; From ; To                                                                             ;
+------------+-------+------+--------------------------------------------------------------------------------+
; MAX_FANOUT ; 5     ; -    ; dffe8a                                                                         ;
+------------+-------+------+--------------------------------------------------------------------------------+


+-----------------------------------------------------------------------------------------------------------------------------------------------------------+
; Source assignments for altmult_add0_tp:inst|altmult_add:ALTMULT_ADD_component|mult_add_q774:auto_generated|ded_mult_d491:ded_mult1|dffpipe_c3c:pre_result ;
+---------------------------------+-------+------+----------------------------------------------------------------------------------------------------------+
; Assignment                      ; Value ; From ; To                                                                                                       ;
+---------------------------------+-------+------+----------------------------------------------------------------------------------------------------------+
; AUTO_SHIFT_REGISTER_RECOGNITION ; OFF   ; -    ; -                                                                                                        ;
+---------------------------------+-------+------+----------------------------------------------------------------------------------------------------------+


+-----------------------------------------------------------------------------------------------------------------------------------------------------------+
; Source assignments for altmult_add0_tp:inst|altmult_add:ALTMULT_ADD_component|mult_add_q774:auto_generated|ded_mult_d491:ded_mult2|dffpipe_c3c:pre_result ;
+---------------------------------+-------+------+----------------------------------------------------------------------------------------------------------+
; Assignment                      ; Value ; From ; To                                                                                                       ;
+---------------------------------+-------+------+----------------------------------------------------------------------------------------------------------+
; AUTO_SHIFT_REGISTER_RECOGNITION ; OFF   ; -    ; -                                                                                                        ;
+---------------------------------+-------+------+----------------------------------------------------------------------------------------------------------+


+-----------------------------------------------------------------------------------------------------------------------------------------------------------+
; Source assignments for altmult_add0_tp:inst|altmult_add:ALTMULT_ADD_component|mult_add_q774:auto_generated|ded_mult_d491:ded_mult3|dffpipe_c3c:pre_result ;
+---------------------------------+-------+------+----------------------------------------------------------------------------------------------------------+
; Assignment                      ; Value ; From ; To                                                                                                       ;
+---------------------------------+-------+------+----------------------------------------------------------------------------------------------------------+
; AUTO_SHIFT_REGISTER_RECOGNITION ; OFF   ; -    ; -                                                                                                        ;
+---------------------------------+-------+------+----------------------------------------------------------------------------------------------------------+


+-----------------------------------------------------------------------------------------------------+
; Parameter Settings for User Entity Instance: altmult_add0_tp:inst|altmult_add:ALTMULT_ADD_component ;
+---------------------------------------+-------------------+-----------------------------------------+
; Parameter Name                        ; Value             ; Type                                    ;
+---------------------------------------+-------------------+-----------------------------------------+
; AUTO_CARRY_CHAINS                     ; ON                ; AUTO_CARRY                              ;
; IGNORE_CARRY_BUFFERS                  ; OFF               ; IGNORE_CARRY                            ;
; AUTO_CASCADE_CHAINS                   ; ON                ; AUTO_CASCADE                            ;
; IGNORE_CASCADE_BUFFERS                ; OFF               ; IGNORE_CASCADE                          ;
; ACCUM_DIRECTION                       ; ADD               ; Untyped                                 ;
; ACCUM_SLOAD_ACLR                      ; ACLR3             ; Untyped                                 ;
; ACCUM_SLOAD_PIPELINE_ACLR             ; ACLR3             ; Untyped                                 ;
; ACCUM_SLOAD_PIPELINE_REGISTER         ; CLOCK0            ; Untyped                                 ;
; ACCUM_SLOAD_REGISTER                  ; CLOCK0            ; Untyped                                 ;
; ACCUMULATOR                           ; NO                ; Untyped                                 ;
; ADDER1_ROUNDING                       ; NO                ; Untyped                                 ;
; ADDER3_ROUNDING                       ; NO                ; Untyped                                 ;
; ADDNSUB1_ROUND_ACLR                   ; ACLR3             ; Untyped                                 ;
; ADDNSUB1_ROUND_PIPELINE_ACLR          ; ACLR3             ; Untyped                                 ;
; ADDNSUB1_ROUND_PIPELINE_REGISTER      ; CLOCK0            ; Untyped                                 ;
; ADDNSUB1_ROUND_REGISTER               ; CLOCK0            ; Untyped                                 ;
; ADDNSUB3_ROUND_ACLR                   ; ACLR3             ; Untyped                                 ;
; ADDNSUB3_ROUND_PIPELINE_ACLR          ; ACLR3             ; Untyped                                 ;
; ADDNSUB3_ROUND_PIPELINE_REGISTER      ; CLOCK0            ; Untyped                                 ;
; ADDNSUB3_ROUND_REGISTER               ; CLOCK0            ; Untyped                                 ;
; ADDNSUB_MULTIPLIER_ACLR1              ; ACLR0             ; Untyped                                 ;
; ADDNSUB_MULTIPLIER_ACLR3              ; ACLR3             ; Untyped                                 ;
; ADDNSUB_MULTIPLIER_PIPELINE_ACLR1     ; ACLR0             ; Untyped                                 ;
; ADDNSUB_MULTIPLIER_PIPELINE_ACLR3     ; ACLR3             ; Untyped                                 ;
; ADDNSUB_MULTIPLIER_PIPELINE_REGISTER1 ; CLOCK0            ; Untyped                                 ;
; ADDNSUB_MULTIPLIER_PIPELINE_REGISTER3 ; CLOCK0            ; Untyped                                 ;
; ADDNSUB_MULTIPLIER_REGISTER1          ; CLOCK0            ; Untyped                                 ;
; ADDNSUB_MULTIPLIER_REGISTER3          ; CLOCK0            ; Untyped                                 ;
; CHAINOUT_ACLR                         ; ACLR3             ; Untyped                                 ;
; CHAINOUT_ADDER                        ; NO                ; Untyped                                 ;
; CHAINOUT_REGISTER                     ; CLOCK0            ; Untyped                                 ;
; CHAINOUT_ROUND_ACLR                   ; ACLR3             ; Untyped                                 ;
; CHAINOUT_ROUND_OUTPUT_ACLR            ; ACLR3             ; Untyped                                 ;
; CHAINOUT_ROUND_OUTPUT_REGISTER        ; CLOCK0            ; Untyped                                 ;
; CHAINOUT_ROUND_PIPELINE_ACLR          ; ACLR3             ; Untyped                                 ;
; CHAINOUT_ROUND_PIPELINE_REGISTER      ; CLOCK0            ; Untyped                                 ;
; CHAINOUT_ROUND_REGISTER               ; CLOCK0            ; Untyped                                 ;
; CHAINOUT_ROUNDING                     ; NO                ; Untyped                                 ;
; CHAINOUT_SATURATE_ACLR                ; ACLR3             ; Untyped                                 ;
; CHAINOUT_SATURATE_OUTPUT_ACLR         ; ACLR3             ; Untyped                                 ;
; CHAINOUT_SATURATE_OUTPUT_REGISTER     ; CLOCK0            ; Untyped                                 ;
; CHAINOUT_SATURATE_PIPELINE_ACLR       ; ACLR3             ; Untyped                                 ;
; CHAINOUT_SATURATE_PIPELINE_REGISTER   ; CLOCK0            ; Untyped                                 ;
; CHAINOUT_SATURATE_REGISTER            ; CLOCK0            ; Untyped                                 ;
; CHAINOUT_SATURATION                   ; NO                ; Untyped                                 ;
; DEDICATED_MULTIPLIER_CIRCUITRY        ; AUTO              ; Untyped                                 ;
; DSP_BLOCK_BALANCING                   ; AUTO              ; Untyped                                 ;
; EXTRA_LATENCY                         ; 0                 ; Untyped                                 ;
; INPUT_ACLR_A0                         ; ACLR0             ; Untyped                                 ;
; INPUT_ACLR_A1                         ; ACLR0             ; Untyped                                 ;
; INPUT_ACLR_A2                         ; ACLR0             ; Untyped                                 ;
; INPUT_ACLR_A3                         ; ACLR3             ; Untyped                                 ;
; INPUT_ACLR_B0                         ; ACLR0             ; Untyped                                 ;
; INPUT_ACLR_B1                         ; ACLR0             ; Untyped                                 ;
; INPUT_ACLR_B2                         ; ACLR0             ; Untyped                                 ;
; INPUT_ACLR_B3                         ; ACLR3             ; Untyped                                 ;
; INPUT_REGISTER_A0                     ; CLOCK0            ; Untyped                                 ;
; INPUT_REGISTER_A1                     ; CLOCK0            ; Untyped                                 ;
; INPUT_REGISTER_A2                     ; CLOCK0            ; Untyped                                 ;
; INPUT_REGISTER_A3                     ; CLOCK0            ; Untyped                                 ;
; INPUT_REGISTER_B0                     ; CLOCK0            ; Untyped                                 ;
; INPUT_REGISTER_B1                     ; CLOCK0            ; Untyped                                 ;
; INPUT_REGISTER_B2                     ; CLOCK0            ; Untyped                                 ;
; INPUT_REGISTER_B3                     ; CLOCK0            ; Untyped                                 ;
; INPUT_SOURCE_A0                       ; DATAA             ; Untyped                                 ;
; INPUT_SOURCE_A1                       ; DATAA             ; Untyped                                 ;
; INPUT_SOURCE_A2                       ; DATAA             ; Untyped                                 ;
; INPUT_SOURCE_A3                       ; DATAA             ; Untyped                                 ;
; INPUT_SOURCE_B0                       ; DATAB             ; Untyped                                 ;
; INPUT_SOURCE_B1                       ; DATAB             ; Untyped                                 ;
; INPUT_SOURCE_B2                       ; DATAB             ; Untyped                                 ;
; INPUT_SOURCE_B3                       ; DATAB             ; Untyped                                 ;
; MULT01_ROUND_ACLR                     ; ACLR3             ; Untyped                                 ;
; MULT01_ROUND_REGISTER                 ; CLOCK0            ; Untyped                                 ;
; MULT01_SATURATION_ACLR                ; ACLR2             ; Untyped                                 ;
; MULT01_SATURATION_REGISTER            ; CLOCK0            ; Untyped                                 ;
; MULT23_ROUND_ACLR                     ; ACLR3             ; Untyped                                 ;
; MULT23_ROUND_REGISTER                 ; CLOCK0            ; Untyped                                 ;
; MULT23_SATURATION_ACLR                ; ACLR3             ; Untyped                                 ;
; MULT23_SATURATION_REGISTER            ; CLOCK0            ; Untyped                                 ;
; MULTIPLIER01_ROUNDING                 ; NO                ; Untyped                                 ;
; MULTIPLIER01_SATURATION               ; NO                ; Untyped                                 ;
; MULTIPLIER1_DIRECTION                 ; ADD               ; Untyped                                 ;
; MULTIPLIER23_ROUNDING                 ; NO                ; Untyped                                 ;
; MULTIPLIER23_SATURATION               ; NO                ; Untyped                                 ;
; MULTIPLIER3_DIRECTION                 ; ADD               ; Untyped                                 ;
; MULTIPLIER_ACLR0                      ; ACLR0             ; Untyped                                 ;
; MULTIPLIER_ACLR1                      ; ACLR0             ; Untyped                                 ;
; MULTIPLIER_ACLR2                      ; ACLR0             ; Untyped                                 ;
; MULTIPLIER_ACLR3                      ; ACLR3             ; Untyped                                 ;
; MULTIPLIER_REGISTER0                  ; CLOCK0            ; Untyped                                 ;
; MULTIPLIER_REGISTER1                  ; CLOCK0            ; Untyped                                 ;
; MULTIPLIER_REGISTER2                  ; CLOCK0            ; Untyped                                 ;
; MULTIPLIER_REGISTER3                  ; CLOCK0            ; Untyped                                 ;
; NUMBER_OF_MULTIPLIERS                 ; 3                 ; Signed Integer                          ;
; OUTPUT_ACLR                           ; ACLR0             ; Untyped                                 ;
; OUTPUT_REGISTER                       ; CLOCK0            ; Untyped                                 ;
; OUTPUT_ROUND_ACLR                     ; ACLR3             ; Untyped                                 ;
; OUTPUT_ROUND_PIPELINE_ACLR            ; ACLR3             ; Untyped                                 ;
; OUTPUT_ROUND_PIPELINE_REGISTER        ; CLOCK0            ; Untyped                                 ;
; OUTPUT_ROUND_REGISTER                 ; CLOCK0            ; Untyped                                 ;
; OUTPUT_ROUND_TYPE                     ; NEAREST_INTEGER   ; Untyped                                 ;
; OUTPUT_ROUNDING                       ; NO                ; Untyped                                 ;
; OUTPUT_SATURATE_ACLR                  ; ACLR3             ; Untyped                                 ;
; OUTPUT_SATURATE_PIPELINE_ACLR         ; ACLR3             ; Untyped                                 ;
; OUTPUT_SATURATE_PIPELINE_REGISTER     ; CLOCK0            ; Untyped                                 ;
; OUTPUT_SATURATE_REGISTER              ; CLOCK0            ; Untyped                                 ;
; OUTPUT_SATURATE_TYPE                  ; ASYMMETRIC        ; Untyped                                 ;
; OUTPUT_SATURATION                     ; NO                ; Untyped                                 ;
; port_addnsub1                         ; PORT_UNUSED       ; Untyped                                 ;
; port_addnsub3                         ; PORT_CONNECTIVITY ; Untyped                                 ;
; PORT_CHAINOUT_SAT_IS_OVERFLOW         ; PORT_UNUSED       ; Untyped                                 ;
; PORT_MULT0_IS_SATURATED               ; UNUSED            ; Untyped                                 ;
; PORT_MULT1_IS_SATURATED               ; UNUSED            ; Untyped                                 ;
; PORT_MULT2_IS_SATURATED               ; UNUSED            ; Untyped                                 ;
; PORT_MULT3_IS_SATURATED               ; UNUSED            ; Untyped                                 ;
; PORT_OUTPUT_IS_OVERFLOW               ; PORT_UNUSED       ; Untyped                                 ;
; port_signa                            ; PORT_UNUSED       ; Untyped                                 ;
; port_signb                            ; PORT_UNUSED       ; Untyped                                 ;
; REPRESENTATION_A                      ; SIGNED            ; Untyped                                 ;
; REPRESENTATION_B                      ; SIGNED            ; Untyped                                 ;
; ROTATE_ACLR                           ; ACLR3             ; Untyped                                 ;
; ROTATE_OUTPUT_ACLR                    ; ACLR3             ; Untyped                                 ;
; ROTATE_OUTPUT_REGISTER                ; CLOCK0            ; Untyped                                 ;
; ROTATE_PIPELINE_ACLR                  ; ACLR3             ; Untyped                                 ;
; ROTATE_PIPELINE_REGISTER              ; CLOCK0            ; Untyped                                 ;
; ROTATE_REGISTER                       ; CLOCK0            ; Untyped                                 ;
; WIDTH_MSB                             ; 17                ; Untyped                                 ;
; WIDTH_SATURATE_SIGN                   ; 1                 ; Untyped                                 ;
; SCANOUTA_ACLR                         ; ACLR3             ; Untyped                                 ;
; SCANOUTA_REGISTER                     ; UNREGISTERED      ; Untyped                                 ;
; SHIFT_MODE                            ; NO                ; Untyped                                 ;
; SHIFT_RIGHT_ACLR                      ; ACLR3             ; Untyped                                 ;
; SHIFT_RIGHT_OUTPUT_ACLR               ; ACLR3             ; Untyped                                 ;
; SHIFT_RIGHT_OUTPUT_REGISTER           ; CLOCK0            ; Untyped                                 ;
; SHIFT_RIGHT_PIPELINE_ACLR             ; ACLR3             ; Untyped                                 ;
; SHIFT_RIGHT_PIPELINE_REGISTER         ; CLOCK0            ; Untyped                                 ;
; SHIFT_RIGHT_REGISTER                  ; CLOCK0            ; Untyped                                 ;
; SIGNED_ACLR_A                         ; ACLR0             ; Untyped                                 ;
; SIGNED_ACLR_B                         ; ACLR0             ; Untyped                                 ;
; SIGNED_PIPELINE_ACLR_A                ; ACLR0             ; Untyped                                 ;
; SIGNED_PIPELINE_ACLR_B                ; ACLR0             ; Untyped                                 ;
; SIGNED_PIPELINE_REGISTER_A            ; CLOCK0            ; Untyped                                 ;
; SIGNED_PIPELINE_REGISTER_B            ; CLOCK0            ; Untyped                                 ;
; SIGNED_REGISTER_A                     ; CLOCK0            ; Untyped                                 ;
; SIGNED_REGISTER_B                     ; CLOCK0            ; Untyped                                 ;
; WIDTH_A                               ; 14                ; Signed Integer                          ;
; WIDTH_B                               ; 3                 ; Signed Integer                          ;
; WIDTH_CHAININ                         ; 1                 ; Untyped                                 ;
; WIDTH_RESULT                          ; 19                ; Signed Integer                          ;
; ZERO_CHAINOUT_OUTPUT_ACLR             ; ACLR3             ; Untyped                                 ;
; ZERO_CHAINOUT_OUTPUT_REGISTER         ; CLOCK0            ; Untyped                                 ;
; ZERO_LOOPBACK_ACLR                    ; ACLR3             ; Untyped                                 ;
; ZERO_LOOPBACK_OUTPUT_ACLR             ; ACLR3             ; Untyped                                 ;
; ZERO_LOOPBACK_OUTPUT_REGISTER         ; CLOCK0            ; Untyped                                 ;
; ZERO_LOOPBACK_PIPELINE_ACLR           ; ACLR3             ; Untyped                                 ;
; ZERO_LOOPBACK_PIPELINE_REGISTER       ; CLOCK0            ; Untyped                                 ;
; ZERO_LOOPBACK_REGISTER                ; CLOCK0            ; Untyped                                 ;
; CBXI_PARAMETER                        ; mult_add_q774     ; Untyped                                 ;
; DEVICE_FAMILY                         ; Cyclone II        ; Untyped                                 ;
; WIDTH_C                               ; 22                ; Untyped                                 ;
; LOADCONST_VALUE                       ; 64                ; Untyped                                 ;
; PREADDER_MODE                         ; SIMPLE            ; Untyped                                 ;
; PREADDER_DIRECTION_0                  ; ADD               ; Untyped                                 ;
; PREADDER_DIRECTION_1                  ; ADD               ; Untyped                                 ;
; PREADDER_DIRECTION_2                  ; ADD               ; Untyped                                 ;
; PREADDER_DIRECTION_3                  ; ADD               ; Untyped                                 ;
; INPUT_REGISTER_C0                     ; CLOCK0            ; Untyped                                 ;
; INPUT_ACLR_C0                         ; ACLR0             ; Untyped                                 ;
; COEFSEL0_REGISTER                     ; CLOCK0            ; Untyped                                 ;
; COEFSEL1_REGISTER                     ; CLOCK0            ; Untyped                                 ;
; COEFSEL2_REGISTER                     ; CLOCK0            ; Untyped                                 ;
; COEFSEL3_REGISTER                     ; CLOCK0            ; Untyped                                 ;
; COEFSEL0_ACLR                         ; ACLR0             ; Untyped                                 ;
; COEFSEL1_ACLR                         ; ACLR0             ; Untyped                                 ;
; COEFSEL2_ACLR                         ; ACLR0             ; Untyped                                 ;
; COEFSEL3_ACLR                         ; ACLR0             ; Untyped                                 ;
; SYSTOLIC_DELAY1                       ; CLOCK0            ; Untyped                                 ;
; SYSTOLIC_DELAY3                       ; CLOCK0            ; Untyped                                 ;
; SYSTOLIC_ACLR1                        ; ACLR0             ; Untyped                                 ;
; SYSTOLIC_ACLR3                        ; ACLR0             ; Untyped                                 ;
; COEF0_0                               ; 0                 ; Untyped                                 ;
; COEF0_1                               ; 0                 ; Untyped                                 ;
; COEF0_2                               ; 0                 ; Untyped                                 ;
; COEF0_3                               ; 0                 ; Untyped                                 ;
; COEF0_4                               ; 0                 ; Untyped                                 ;
; COEF0_5                               ; 0                 ; Untyped                                 ;
; COEF0_6                               ; 0                 ; Untyped                                 ;
; COEF0_7                               ; 0                 ; Untyped                                 ;
; COEF1_0                               ; 0                 ; Untyped                                 ;
; COEF1_1                               ; 0                 ; Untyped                                 ;
; COEF1_2                               ; 0                 ; Untyped                                 ;
; COEF1_3                               ; 0                 ; Untyped                                 ;
; COEF1_4                               ; 0                 ; Untyped                                 ;
; COEF1_5                               ; 0                 ; Untyped                                 ;
; COEF1_6                               ; 0                 ; Untyped                                 ;
; COEF1_7                               ; 0                 ; Untyped                                 ;
; COEF2_0                               ; 0                 ; Untyped                                 ;
; COEF2_1                               ; 0                 ; Untyped                                 ;
; COEF2_2                               ; 0                 ; Untyped                                 ;
; COEF2_3                               ; 0                 ; Untyped                                 ;
; COEF2_4                               ; 0                 ; Untyped                                 ;
; COEF2_5                               ; 0                 ; Untyped                                 ;
; COEF2_6                               ; 0                 ; Untyped                                 ;
; COEF2_7                               ; 0                 ; Untyped                                 ;
; COEF3_0                               ; 0                 ; Untyped                                 ;
; COEF3_1                               ; 0                 ; Untyped                                 ;
; COEF3_2                               ; 0                 ; Untyped                                 ;
; COEF3_3                               ; 0                 ; Untyped                                 ;
; COEF3_4                               ; 0                 ; Untyped                                 ;
; COEF3_5                               ; 0                 ; Untyped                                 ;
; COEF3_6                               ; 0                 ; Untyped                                 ;
; COEF3_7                               ; 0                 ; Untyped                                 ;
; WIDTH_COEF                            ; 18                ; Untyped                                 ;
+---------------------------------------+-------------------+-----------------------------------------+
Note: In order to hide this table in the UI and the text report file, please set the "Show Parameter Settings in Synthesis Report" option in "Analysis and Synthesis Settings -> More Settings" to "Off".


+------------------------------------------------------------------------------------------------------+
; Parameter Settings for User Entity Instance: lpm_constant0:inst2|lpm_constant:LPM_CONSTANT_component ;
+--------------------+------------------+--------------------------------------------------------------+
; Parameter Name     ; Value            ; Type                                                         ;
+--------------------+------------------+--------------------------------------------------------------+
; LPM_WIDTH          ; 3                ; Signed Integer                                               ;
; LPM_CVALUE         ; 1                ; Signed Integer                                               ;
; ENABLE_RUNTIME_MOD ; NO               ; Untyped                                                      ;
; CBXI_PARAMETER     ; lpm_constant_6e6 ; Untyped                                                      ;
+--------------------+------------------+--------------------------------------------------------------+
Note: In order to hide this table in the UI and the text report file, please set the "Show Parameter Settings in Synthesis Report" option in "Analysis and Synthesis Settings -> More Settings" to "Off".


+------------------------------------------------------------------------------------------------------+
; Parameter Settings for User Entity Instance: lpm_constant1:inst5|lpm_constant:LPM_CONSTANT_component ;
+--------------------+------------------+--------------------------------------------------------------+
; Parameter Name     ; Value            ; Type                                                         ;
+--------------------+------------------+--------------------------------------------------------------+
; LPM_WIDTH          ; 3                ; Signed Integer                                               ;
; LPM_CVALUE         ; 2                ; Signed Integer                                               ;
; ENABLE_RUNTIME_MOD ; NO               ; Untyped                                                      ;
; CBXI_PARAMETER     ; lpm_constant_7e6 ; Untyped                                                      ;
+--------------------+------------------+--------------------------------------------------------------+
Note: In order to hide this table in the UI and the text report file, please set the "Show Parameter Settings in Synthesis Report" option in "Analysis and Synthesis Settings -> More Settings" to "Off".


+------------------------------------------------------------------------------------------------------+
; Parameter Settings for User Entity Instance: lpm_constant0:inst4|lpm_constant:LPM_CONSTANT_component ;
+--------------------+------------------+--------------------------------------------------------------+
; Parameter Name     ; Value            ; Type                                                         ;
+--------------------+------------------+--------------------------------------------------------------+
; LPM_WIDTH          ; 3                ; Signed Integer                                               ;
; LPM_CVALUE         ; 1                ; Signed Integer                                               ;
; ENABLE_RUNTIME_MOD ; NO               ; Untyped                                                      ;
; CBXI_PARAMETER     ; lpm_constant_6e6 ; Untyped                                                      ;
+--------------------+------------------+--------------------------------------------------------------+
Note: In order to hide this table in the UI and the text report file, please set the "Show Parameter Settings in Synthesis Report" option in "Analysis and Synthesis Settings -> More Settings" to "Off".


+------------------------------------------------------------------------------------------------+
; altmult_add Parameter Settings by Entity Instance                                              ;
+---------------------------------------+--------------------------------------------------------+
; Name                                  ; Value                                                  ;
+---------------------------------------+--------------------------------------------------------+
; Number of entity instances            ; 1                                                      ;
; Entity Instance                       ; altmult_add0_tp:inst|altmult_add:ALTMULT_ADD_component ;
;     -- DEDICATED_MULTIPLIER_CIRCUITRY ; AUTO                                                   ;
;     -- NUMBER_OF_MULTIPLIERS          ; 3                                                      ;
;     -- port_signa                     ; PORT_UNUSED                                            ;
;     -- port_signb                     ; PORT_UNUSED                                            ;
;     -- REPRESENTATION_A               ; SIGNED                                                 ;
;     -- REPRESENTATION_B               ; SIGNED                                                 ;
;     -- WIDTH_A                        ; 14                                                     ;
;     -- WIDTH_B                        ; 3                                                      ;
;     -- WIDTH_RESULT                   ; 19                                                     ;
+---------------------------------------+--------------------------------------------------------+


+-------------------------------+
; Elapsed Time Per Partition    ;
+----------------+--------------+
; Partition Name ; Elapsed Time ;
+----------------+--------------+
; Top            ; 00:00:00     ;
+----------------+--------------+


+-------------------------------+
; Analysis & Synthesis Messages ;
+-------------------------------+
Info: *******************************************************************
Info: Running Quartus II 64-Bit Analysis & Synthesis
    Info: Version 13.0.1 Build 232 06/12/2013 Service Pack 1 SJ Full Version
    Info: Processing started: Wed Jan 24 15:57:41 2018
Info: Command: quartus_map --read_settings_files=on --write_settings_files=off tiefpass -c tiefpass
Info (20030): Parallel compilation is enabled and will use 4 of the 4 processors detected
Info (12021): Found 1 design units, including 1 entities, in source file tiefpass.bdf
    Info (12023): Found entity 1: tiefpass
Info (12021): Found 2 design units, including 1 entities, in source file altmult_add0_tp.vhd
    Info (12022): Found design unit 1: altmult_add0_tp-SYN
    Info (12023): Found entity 1: altmult_add0_tp
Info (12021): Found 2 design units, including 1 entities, in source file lpm_constant0.vhd
    Info (12022): Found design unit 1: lpm_constant0-SYN
    Info (12023): Found entity 1: lpm_constant0
Info (12021): Found 2 design units, including 1 entities, in source file lpm_constant1.vhd
    Info (12022): Found design unit 1: lpm_constant1-SYN
    Info (12023): Found entity 1: lpm_constant1
Info (12127): Elaborating entity "tiefpass" for the top level hierarchy
Info (12128): Elaborating entity "altmult_add0_tp" for hierarchy "altmult_add0_tp:inst"
Info (12128): Elaborating entity "altmult_add" for hierarchy "altmult_add0_tp:inst|altmult_add:ALTMULT_ADD_component"
Info (12130): Elaborated megafunction instantiation "altmult_add0_tp:inst|altmult_add:ALTMULT_ADD_component"
Info (12133): Instantiated megafunction "altmult_add0_tp:inst|altmult_add:ALTMULT_ADD_component" with the following parameter:
    Info (12134): Parameter "addnsub_multiplier_aclr1" = "ACLR0"
    Info (12134): Parameter "addnsub_multiplier_pipeline_aclr1" = "ACLR0"
    Info (12134): Parameter "addnsub_multiplier_pipeline_register1" = "CLOCK0"
    Info (12134): Parameter "addnsub_multiplier_register1" = "CLOCK0"
    Info (12134): Parameter "dedicated_multiplier_circuitry" = "AUTO"
    Info (12134): Parameter "input_aclr_a0" = "ACLR0"
    Info (12134): Parameter "input_aclr_a1" = "ACLR0"
    Info (12134): Parameter "input_aclr_a2" = "ACLR0"
    Info (12134): Parameter "input_aclr_b0" = "ACLR0"
    Info (12134): Parameter "input_aclr_b1" = "ACLR0"
    Info (12134): Parameter "input_aclr_b2" = "ACLR0"
    Info (12134): Parameter "input_register_a0" = "CLOCK0"
    Info (12134): Parameter "input_register_a1" = "CLOCK0"
    Info (12134): Parameter "input_register_a2" = "CLOCK0"
    Info (12134): Parameter "input_register_b0" = "CLOCK0"
    Info (12134): Parameter "input_register_b1" = "CLOCK0"
    Info (12134): Parameter "input_register_b2" = "CLOCK0"
    Info (12134): Parameter "input_source_a0" = "DATAA"
    Info (12134): Parameter "input_source_a1" = "DATAA"
    Info (12134): Parameter "input_source_a2" = "DATAA"
    Info (12134): Parameter "input_source_b0" = "DATAB"
    Info (12134): Parameter "input_source_b1" = "DATAB"
    Info (12134): Parameter "input_source_b2" = "DATAB"
    Info (12134): Parameter "intended_device_family" = "Cyclone II"
    Info (12134): Parameter "lpm_type" = "altmult_add"
    Info (12134): Parameter "multiplier1_direction" = "ADD"
    Info (12134): Parameter "multiplier_aclr0" = "ACLR0"
    Info (12134): Parameter "multiplier_aclr1" = "ACLR0"
    Info (12134): Parameter "multiplier_aclr2" = "ACLR0"
    Info (12134): Parameter "multiplier_register0" = "CLOCK0"
    Info (12134): Parameter "multiplier_register1" = "CLOCK0"
    Info (12134): Parameter "multiplier_register2" = "CLOCK0"
    Info (12134): Parameter "number_of_multipliers" = "3"
    Info (12134): Parameter "output_aclr" = "ACLR0"
    Info (12134): Parameter "output_register" = "CLOCK0"
    Info (12134): Parameter "port_addnsub1" = "PORT_UNUSED"
    Info (12134): Parameter "port_signa" = "PORT_UNUSED"
    Info (12134): Parameter "port_signb" = "PORT_UNUSED"
    Info (12134): Parameter "representation_a" = "SIGNED"
    Info (12134): Parameter "representation_b" = "SIGNED"
    Info (12134): Parameter "signed_aclr_a" = "ACLR0"
    Info (12134): Parameter "signed_aclr_b" = "ACLR0"
    Info (12134): Parameter "signed_pipeline_aclr_a" = "ACLR0"
    Info (12134): Parameter "signed_pipeline_aclr_b" = "ACLR0"
    Info (12134): Parameter "signed_pipeline_register_a" = "CLOCK0"
    Info (12134): Parameter "signed_pipeline_register_b" = "CLOCK0"
    Info (12134): Parameter "signed_register_a" = "CLOCK0"
    Info (12134): Parameter "signed_register_b" = "CLOCK0"
    Info (12134): Parameter "width_a" = "14"
    Info (12134): Parameter "width_b" = "3"
    Info (12134): Parameter "width_result" = "19"
Info (12021): Found 1 design units, including 1 entities, in source file db/mult_add_q774.tdf
    Info (12023): Found entity 1: mult_add_q774
Info (12128): Elaborating entity "mult_add_q774" for hierarchy "altmult_add0_tp:inst|altmult_add:ALTMULT_ADD_component|mult_add_q774:auto_generated"
Info (12021): Found 1 design units, including 1 entities, in source file db/ded_mult_d491.tdf
    Info (12023): Found entity 1: ded_mult_d491
Info (12128): Elaborating entity "ded_mult_d491" for hierarchy "altmult_add0_tp:inst|altmult_add:ALTMULT_ADD_component|mult_add_q774:auto_generated|ded_mult_d491:ded_mult1"
Info (12021): Found 1 design units, including 1 entities, in source file db/dffpipe_c3c.tdf
    Info (12023): Found entity 1: dffpipe_c3c
Info (12128): Elaborating entity "dffpipe_c3c" for hierarchy "altmult_add0_tp:inst|altmult_add:ALTMULT_ADD_component|mult_add_q774:auto_generated|ded_mult_d491:ded_mult1|dffpipe_c3c:pre_result"
Info (12128): Elaborating entity "lpm_constant0" for hierarchy "lpm_constant0:inst2"
Info (12128): Elaborating entity "lpm_constant" for hierarchy "lpm_constant0:inst2|lpm_constant:LPM_CONSTANT_component"
Info (12130): Elaborated megafunction instantiation "lpm_constant0:inst2|lpm_constant:LPM_CONSTANT_component"
Info (12133): Instantiated megafunction "lpm_constant0:inst2|lpm_constant:LPM_CONSTANT_component" with the following parameter:
    Info (12134): Parameter "lpm_cvalue" = "1"
    Info (12134): Parameter "lpm_hint" = "ENABLE_RUNTIME_MOD=NO"
    Info (12134): Parameter "lpm_type" = "LPM_CONSTANT"
    Info (12134): Parameter "lpm_width" = "3"
Info (12128): Elaborating entity "lpm_constant1" for hierarchy "lpm_constant1:inst5"
Info (12128): Elaborating entity "lpm_constant" for hierarchy "lpm_constant1:inst5|lpm_constant:LPM_CONSTANT_component"
Info (12130): Elaborated megafunction instantiation "lpm_constant1:inst5|lpm_constant:LPM_CONSTANT_component"
Info (12133): Instantiated megafunction "lpm_constant1:inst5|lpm_constant:LPM_CONSTANT_component" with the following parameter:
    Info (12134): Parameter "lpm_cvalue" = "2"
    Info (12134): Parameter "lpm_hint" = "ENABLE_RUNTIME_MOD=NO"
    Info (12134): Parameter "lpm_type" = "LPM_CONSTANT"
    Info (12134): Parameter "lpm_width" = "3"
Info (13014): Ignored 14 buffer(s)
    Info (13019): Ignored 14 SOFT buffer(s)
Info (16010): Generating hard_block partition "hard_block:auto_generated_inst"
    Info (16011): Adding 0 node(s), including 0 DDIO, 0 PLL, 0 transceiver and 0 LCELL
Info (21057): Implemented 110 device resources after synthesis - the final resource count might be different
    Info (21058): Implemented 16 input pins
    Info (21059): Implemented 14 output pins
    Info (21061): Implemented 74 logic cells
    Info (21062): Implemented 6 DSP elements
Info: Quartus II 64-Bit Analysis & Synthesis was successful. 0 errors, 0 warnings
    Info: Peak virtual memory: 554 megabytes
    Info: Processing ended: Wed Jan 24 15:57:48 2018
    Info: Elapsed time: 00:00:07
    Info: Total CPU time (on all processors): 00:00:02


